
*** Running vivado
    with args -log Giga_Cluster.vds -m64 -product Vivado -mode batch -messageDb vivado.pb -notrace -source Giga_Cluster.tcl



****** Vivado v2022.2 (64-bit)
  **** SW Build 3671981 on Fri Oct 14 05:00:03 MDT 2022
  **** IP Build 3669848 on Fri Oct 14 08:30:02 MDT 2022
    ** Copyright 1986-2022 Xilinx, Inc. All Rights Reserved.

source Giga_Cluster.tcl -notrace
Command: read_checkpoint -auto_incremental -incremental C:/Users/vamsi/OneDrive/Desktop/VHDL/Project2/Giga_Cluster/Giga_Cluster.srcs/utils_1/imports/synth_1/Giga_Cluster.dcp
INFO: [Vivado 12-5825] Read reference checkpoint from C:/Users/vamsi/OneDrive/Desktop/VHDL/Project2/Giga_Cluster/Giga_Cluster.srcs/utils_1/imports/synth_1/Giga_Cluster.dcp for incremental synthesis
INFO: [Vivado 12-7989] Please ensure there are no constraint changes
Command: synth_design -top Giga_Cluster -part xazu3eg-sfvc784-1Q-q
Starting synth_design
Attempting to get a license for feature 'Synthesis' and/or device 'xazu3eg'
INFO: [Common 17-349] Got license for feature 'Synthesis' and/or device 'xazu3eg'
INFO: [Designutils 20-5440] No compile time benefit to using incremental synthesis; A full resynthesis will be run
INFO: [Designutils 20-4379] Flow is switching to default flow due to incremental criteria not met. If you would like to alter this behaviour and have the flow terminate instead, please set the following parameter config_implementation {autoIncr.Synth.RejectBehavior Terminate}
INFO: [Synth 8-7079] Multithreading enabled for synth_design using a maximum of 2 processes.
INFO: [Synth 8-7078] Launching helper process for spawning children vivado processes
INFO: [Synth 8-7075] Helper process launched with PID 20744
INFO: [Synth 8-11241] undeclared symbol 'REGCCE', assumed default net type 'wire' [D:/Xilinx/Vivado/2022.2/data/verilog/src/unimacro/BRAM_SINGLE_MACRO.v:2170]
---------------------------------------------------------------------------------
Starting Synthesize : Time (s): cpu = 00:00:01 ; elapsed = 00:00:05 . Memory (MB): peak = 1442.441 ; gain = 408.469
---------------------------------------------------------------------------------
INFO: [Synth 8-638] synthesizing module 'Giga_Cluster' [C:/Users/vamsi/OneDrive/Desktop/VHDL/Project2/Giga_Cluster/Giga_Cluster.srcs/sources_1/new/Giga_Cluster.vhd:43]
INFO: [Synth 8-638] synthesizing module 'Mega_Cluster' [C:/Users/vamsi/OneDrive/Desktop/VHDL/Project2/Giga_Cluster/Giga_Cluster.srcs/sources_1/imports/new/Mega_Cluster.vhd:42]
INFO: [Synth 8-638] synthesizing module 'Mini_Cluster' [C:/Users/vamsi/OneDrive/Desktop/VHDL/Project2/Giga_Cluster/Giga_Cluster.srcs/sources_1/imports/new/Cluster.vhd:47]
INFO: [Synth 8-638] synthesizing module 'CU' [C:/Users/vamsi/OneDrive/Desktop/VHDL/Project2/Giga_Cluster/Giga_Cluster.srcs/sources_1/imports/new/CU.vhd:48]
INFO: [Synth 8-638] synthesizing module 'D_flipflop' [C:/Users/vamsi/OneDrive/Desktop/VHDL/Project2/Giga_Cluster/Giga_Cluster.srcs/sources_1/imports/new/D_flipflop.vhd:41]
WARNING: [Synth 8-614] signal 'curr_val' is read in the process but is not in the sensitivity list [C:/Users/vamsi/OneDrive/Desktop/VHDL/Project2/Giga_Cluster/Giga_Cluster.srcs/sources_1/imports/new/D_flipflop.vhd:44]
INFO: [Synth 8-256] done synthesizing module 'D_flipflop' (0#1) [C:/Users/vamsi/OneDrive/Desktop/VHDL/Project2/Giga_Cluster/Giga_Cluster.srcs/sources_1/imports/new/D_flipflop.vhd:41]
INFO: [Synth 8-226] default block is never used [C:/Users/vamsi/OneDrive/Desktop/VHDL/Project2/Giga_Cluster/Giga_Cluster.srcs/sources_1/imports/new/CU.vhd:67]
INFO: [Synth 8-256] done synthesizing module 'CU' (0#1) [C:/Users/vamsi/OneDrive/Desktop/VHDL/Project2/Giga_Cluster/Giga_Cluster.srcs/sources_1/imports/new/CU.vhd:48]
INFO: [Synth 8-256] done synthesizing module 'Mini_Cluster' (0#1) [C:/Users/vamsi/OneDrive/Desktop/VHDL/Project2/Giga_Cluster/Giga_Cluster.srcs/sources_1/imports/new/Cluster.vhd:47]
INFO: [Synth 8-256] done synthesizing module 'Mega_Cluster' (0#1) [C:/Users/vamsi/OneDrive/Desktop/VHDL/Project2/Giga_Cluster/Giga_Cluster.srcs/sources_1/imports/new/Mega_Cluster.vhd:42]
INFO: [Synth 8-638] synthesizing module 'MegaCluster2' [C:/Users/vamsi/OneDrive/Desktop/VHDL/Project2/Giga_Cluster/Giga_Cluster.srcs/sources_1/imports/Project2/MegaCluster2/MegaCluster2.srcs/sources_1/new/MegaCluster2.vhd:42]
INFO: [Synth 8-256] done synthesizing module 'MegaCluster2' (0#1) [C:/Users/vamsi/OneDrive/Desktop/VHDL/Project2/Giga_Cluster/Giga_Cluster.srcs/sources_1/imports/Project2/MegaCluster2/MegaCluster2.srcs/sources_1/new/MegaCluster2.vhd:42]
INFO: [Synth 8-638] synthesizing module 'MegaCluster3' [C:/Users/vamsi/OneDrive/Desktop/VHDL/Project2/Giga_Cluster/Giga_Cluster.srcs/sources_1/imports/Project2/MegaCluster3/MegaCluster3.srcs/sources_1/new/MegaCluster3.vhd:42]
INFO: [Synth 8-256] done synthesizing module 'MegaCluster3' (0#1) [C:/Users/vamsi/OneDrive/Desktop/VHDL/Project2/Giga_Cluster/Giga_Cluster.srcs/sources_1/imports/Project2/MegaCluster3/MegaCluster3.srcs/sources_1/new/MegaCluster3.vhd:42]
INFO: [Synth 8-638] synthesizing module 'MegaCluster4' [C:/Users/vamsi/OneDrive/Desktop/VHDL/Project2/Giga_Cluster/Giga_Cluster.srcs/sources_1/imports/Project2/MEgaCluster4/MegaCluster4.srcs/sources_1/new/MegaCluster4.vhd:42]
INFO: [Synth 8-256] done synthesizing module 'MegaCluster4' (0#1) [C:/Users/vamsi/OneDrive/Desktop/VHDL/Project2/Giga_Cluster/Giga_Cluster.srcs/sources_1/imports/Project2/MEgaCluster4/MegaCluster4.srcs/sources_1/new/MegaCluster4.vhd:42]
INFO: [Synth 8-256] done synthesizing module 'Giga_Cluster' (0#1) [C:/Users/vamsi/OneDrive/Desktop/VHDL/Project2/Giga_Cluster/Giga_Cluster.srcs/sources_1/new/Giga_Cluster.vhd:43]
WARNING: [Synth 8-7129] Port C[2] in module CU is either unconnected or has no load
---------------------------------------------------------------------------------
Finished Synthesize : Time (s): cpu = 00:00:01 ; elapsed = 00:00:06 . Memory (MB): peak = 1532.895 ; gain = 498.922
---------------------------------------------------------------------------------
---------------------------------------------------------------------------------
Finished Constraint Validation : Time (s): cpu = 00:00:01 ; elapsed = 00:00:06 . Memory (MB): peak = 1532.895 ; gain = 498.922
---------------------------------------------------------------------------------
---------------------------------------------------------------------------------
Start Loading Part and Timing Information
---------------------------------------------------------------------------------
Loading part: xazu3eg-sfvc784-1Q-q
INFO: [Synth 8-6742] Reading net delay rules and data
INFO: [Device 21-403] Loading part xazu3eg-sfvc784-1Q-q
---------------------------------------------------------------------------------
Finished Loading Part and Timing Information : Time (s): cpu = 00:00:01 ; elapsed = 00:00:07 . Memory (MB): peak = 1532.895 ; gain = 498.922
---------------------------------------------------------------------------------
WARNING: [Synth 8-327] inferring latch for variable 'Q_reg' [C:/Users/vamsi/OneDrive/Desktop/VHDL/Project2/Giga_Cluster/Giga_Cluster.srcs/sources_1/imports/new/D_flipflop.vhd:48]
WARNING: [Synth 8-327] inferring latch for variable 'curr_val_reg' [C:/Users/vamsi/OneDrive/Desktop/VHDL/Project2/Giga_Cluster/Giga_Cluster.srcs/sources_1/imports/new/D_flipflop.vhd:46]
WARNING: [Synth 8-327] inferring latch for variable 'Y_reg' [C:/Users/vamsi/OneDrive/Desktop/VHDL/Project2/Giga_Cluster/Giga_Cluster.srcs/sources_1/imports/new/CU.vhd:55]
WARNING: [Synth 8-327] inferring latch for variable 'OUTPUT_reg' [C:/Users/vamsi/OneDrive/Desktop/VHDL/Project2/Giga_Cluster/Giga_Cluster.srcs/sources_1/imports/new/Mega_Cluster.vhd:116]
WARNING: [Synth 8-327] inferring latch for variable 'OUTPUT_reg' [C:/Users/vamsi/OneDrive/Desktop/VHDL/Project2/Giga_Cluster/Giga_Cluster.srcs/sources_1/imports/Project2/MegaCluster2/MegaCluster2.srcs/sources_1/new/MegaCluster2.vhd:97]
WARNING: [Synth 8-327] inferring latch for variable 'OUTPUT_reg' [C:/Users/vamsi/OneDrive/Desktop/VHDL/Project2/Giga_Cluster/Giga_Cluster.srcs/sources_1/imports/Project2/MegaCluster3/MegaCluster3.srcs/sources_1/new/MegaCluster3.vhd:98]
---------------------------------------------------------------------------------
Finished RTL Optimization Phase 2 : Time (s): cpu = 00:00:01 ; elapsed = 00:00:07 . Memory (MB): peak = 1532.895 ; gain = 498.922
---------------------------------------------------------------------------------
No constraint files found.
---------------------------------------------------------------------------------
Start RTL Component Statistics 
---------------------------------------------------------------------------------
Detailed RTL Component Info : 
+---Adders : 
	   2 Input    5 Bit       Adders := 64    
	   3 Input    4 Bit       Adders := 64    
+---XORs : 
	   2 Input      4 Bit         XORs := 64    
+---Muxes : 
	   2 Input   40 Bit        Muxes := 1     
---------------------------------------------------------------------------------
Finished RTL Component Statistics 
---------------------------------------------------------------------------------
---------------------------------------------------------------------------------
Start Part Resource Summary
---------------------------------------------------------------------------------
Part Resources:
DSPs: 360 (col length:72)
BRAMs: 432 (col length: RAMB18 72 RAMB36 36)
---------------------------------------------------------------------------------
Finished Part Resource Summary
---------------------------------------------------------------------------------
No constraint files found.
---------------------------------------------------------------------------------
Start Cross Boundary and Area Optimization
---------------------------------------------------------------------------------
WARNING: [Synth 8-7080] Parallel synthesis criteria is not met
WARNING: [Synth 8-7129] Port INPUT[39] in module MegaCluster4 is either unconnected or has no load
WARNING: [Synth 8-7129] Port INPUT[38] in module MegaCluster4 is either unconnected or has no load
WARNING: [Synth 8-7129] Port INPUT[37] in module MegaCluster4 is either unconnected or has no load
WARNING: [Synth 8-7129] Port INPUT[36] in module MegaCluster4 is either unconnected or has no load
WARNING: [Synth 8-7129] Port INPUT[39] in module MegaCluster3 is either unconnected or has no load
WARNING: [Synth 8-7129] Port INPUT[38] in module MegaCluster3 is either unconnected or has no load
WARNING: [Synth 8-7129] Port INPUT[37] in module MegaCluster3 is either unconnected or has no load
WARNING: [Synth 8-7129] Port INPUT[36] in module MegaCluster3 is either unconnected or has no load
WARNING: [Synth 8-7129] Port INPUT[39] in module MegaCluster2 is either unconnected or has no load
WARNING: [Synth 8-7129] Port INPUT[38] in module MegaCluster2 is either unconnected or has no load
WARNING: [Synth 8-7129] Port INPUT[37] in module MegaCluster2 is either unconnected or has no load
WARNING: [Synth 8-7129] Port INPUT[36] in module MegaCluster2 is either unconnected or has no load
WARNING: [Synth 8-7129] Port INPUT[39] in module Mega_Cluster is either unconnected or has no load
WARNING: [Synth 8-7129] Port INPUT[38] in module Mega_Cluster is either unconnected or has no load
WARNING: [Synth 8-7129] Port INPUT[37] in module Mega_Cluster is either unconnected or has no load
WARNING: [Synth 8-7129] Port INPUT[36] in module Mega_Cluster is either unconnected or has no load
WARNING: [Synth 8-3332] Sequential element (MiniCluster0/CU0/Storage/Q_reg[15]) is unused and will be removed from module Mega_Cluster.
WARNING: [Synth 8-3332] Sequential element (MiniCluster0/CU0/Storage/Q_reg[14]) is unused and will be removed from module Mega_Cluster.
WARNING: [Synth 8-3332] Sequential element (MiniCluster0/CU0/Storage/Q_reg[13]) is unused and will be removed from module Mega_Cluster.
WARNING: [Synth 8-3332] Sequential element (MiniCluster0/CU0/Storage/Q_reg[12]) is unused and will be removed from module Mega_Cluster.
WARNING: [Synth 8-3332] Sequential element (MiniCluster0/CU0/Storage/Q_reg[11]) is unused and will be removed from module Mega_Cluster.
WARNING: [Synth 8-3332] Sequential element (MiniCluster0/CU0/Storage/Q_reg[10]) is unused and will be removed from module Mega_Cluster.
WARNING: [Synth 8-3332] Sequential element (MiniCluster0/CU0/Storage/Q_reg[9]) is unused and will be removed from module Mega_Cluster.
WARNING: [Synth 8-3332] Sequential element (MiniCluster0/CU0/Storage/Q_reg[8]) is unused and will be removed from module Mega_Cluster.
WARNING: [Synth 8-3332] Sequential element (MiniCluster0/CU0/Storage/Q_reg[7]) is unused and will be removed from module Mega_Cluster.
WARNING: [Synth 8-3332] Sequential element (MiniCluster0/CU0/Storage/Q_reg[6]) is unused and will be removed from module Mega_Cluster.
WARNING: [Synth 8-3332] Sequential element (MiniCluster0/CU0/Storage/Q_reg[5]) is unused and will be removed from module Mega_Cluster.
WARNING: [Synth 8-3332] Sequential element (MiniCluster0/CU0/Storage/Q_reg[4]) is unused and will be removed from module Mega_Cluster.
WARNING: [Synth 8-3332] Sequential element (MiniCluster0/CU0/Storage/Q_reg[3]) is unused and will be removed from module Mega_Cluster.
WARNING: [Synth 8-3332] Sequential element (MiniCluster0/CU0/Storage/Q_reg[2]) is unused and will be removed from module Mega_Cluster.
WARNING: [Synth 8-3332] Sequential element (MiniCluster0/CU0/Storage/Q_reg[1]) is unused and will be removed from module Mega_Cluster.
WARNING: [Synth 8-3332] Sequential element (MiniCluster0/CU0/Storage/Q_reg[0]) is unused and will be removed from module Mega_Cluster.
WARNING: [Synth 8-3332] Sequential element (MiniCluster0/CU0/Storage/curr_val_reg[7]) is unused and will be removed from module Mega_Cluster.
WARNING: [Synth 8-3332] Sequential element (MiniCluster0/CU0/Storage/curr_val_reg[6]) is unused and will be removed from module Mega_Cluster.
WARNING: [Synth 8-3332] Sequential element (MiniCluster0/CU0/Storage/curr_val_reg[5]) is unused and will be removed from module Mega_Cluster.
WARNING: [Synth 8-3332] Sequential element (MiniCluster0/CU0/Storage/curr_val_reg[4]) is unused and will be removed from module Mega_Cluster.
WARNING: [Synth 8-3332] Sequential element (MiniCluster0/CU0/Storage/curr_val_reg[3]) is unused and will be removed from module Mega_Cluster.
WARNING: [Synth 8-3332] Sequential element (MiniCluster0/CU0/Storage/curr_val_reg[2]) is unused and will be removed from module Mega_Cluster.
WARNING: [Synth 8-3332] Sequential element (MiniCluster0/CU0/Storage/curr_val_reg[1]) is unused and will be removed from module Mega_Cluster.
WARNING: [Synth 8-3332] Sequential element (MiniCluster0/CU0/Storage/curr_val_reg[0]) is unused and will be removed from module Mega_Cluster.
WARNING: [Synth 8-3332] Sequential element (MiniCluster0/CU0/Y_reg[7]) is unused and will be removed from module Mega_Cluster.
WARNING: [Synth 8-3332] Sequential element (MiniCluster0/CU0/Y_reg[6]) is unused and will be removed from module Mega_Cluster.
WARNING: [Synth 8-3332] Sequential element (MiniCluster0/CU0/Y_reg[5]) is unused and will be removed from module Mega_Cluster.
WARNING: [Synth 8-3332] Sequential element (MiniCluster0/CU0/Y_reg[4]) is unused and will be removed from module Mega_Cluster.
WARNING: [Synth 8-3332] Sequential element (MiniCluster0/CU0/Y_reg[3]) is unused and will be removed from module Mega_Cluster.
WARNING: [Synth 8-3332] Sequential element (MiniCluster0/CU0/Y_reg[2]) is unused and will be removed from module Mega_Cluster.
WARNING: [Synth 8-3332] Sequential element (MiniCluster0/CU0/Y_reg[1]) is unused and will be removed from module Mega_Cluster.
WARNING: [Synth 8-3332] Sequential element (MiniCluster0/CU0/Y_reg[0]) is unused and will be removed from module Mega_Cluster.
WARNING: [Synth 8-3332] Sequential element (MiniCluster0/CU1/Storage/Q_reg[7]) is unused and will be removed from module Mega_Cluster.
WARNING: [Synth 8-3332] Sequential element (MiniCluster0/CU1/Storage/Q_reg[6]) is unused and will be removed from module Mega_Cluster.
WARNING: [Synth 8-3332] Sequential element (MiniCluster0/CU1/Storage/Q_reg[5]) is unused and will be removed from module Mega_Cluster.
WARNING: [Synth 8-3332] Sequential element (MiniCluster0/CU1/Storage/Q_reg[4]) is unused and will be removed from module Mega_Cluster.
WARNING: [Synth 8-3332] Sequential element (MiniCluster0/CU1/Storage/Q_reg[3]) is unused and will be removed from module Mega_Cluster.
WARNING: [Synth 8-3332] Sequential element (MiniCluster0/CU1/Storage/Q_reg[2]) is unused and will be removed from module Mega_Cluster.
WARNING: [Synth 8-3332] Sequential element (MiniCluster0/CU1/Storage/Q_reg[1]) is unused and will be removed from module Mega_Cluster.
WARNING: [Synth 8-3332] Sequential element (MiniCluster0/CU1/Storage/Q_reg[0]) is unused and will be removed from module Mega_Cluster.
WARNING: [Synth 8-3332] Sequential element (MiniCluster0/CU1/Storage/curr_val_reg[7]) is unused and will be removed from module Mega_Cluster.
WARNING: [Synth 8-3332] Sequential element (MiniCluster0/CU1/Storage/curr_val_reg[6]) is unused and will be removed from module Mega_Cluster.
WARNING: [Synth 8-3332] Sequential element (MiniCluster0/CU1/Storage/curr_val_reg[5]) is unused and will be removed from module Mega_Cluster.
WARNING: [Synth 8-3332] Sequential element (MiniCluster0/CU1/Storage/curr_val_reg[4]) is unused and will be removed from module Mega_Cluster.
WARNING: [Synth 8-3332] Sequential element (MiniCluster0/CU1/Storage/curr_val_reg[3]) is unused and will be removed from module Mega_Cluster.
WARNING: [Synth 8-3332] Sequential element (MiniCluster0/CU1/Storage/curr_val_reg[2]) is unused and will be removed from module Mega_Cluster.
WARNING: [Synth 8-3332] Sequential element (MiniCluster0/CU1/Storage/curr_val_reg[1]) is unused and will be removed from module Mega_Cluster.
WARNING: [Synth 8-3332] Sequential element (MiniCluster0/CU1/Storage/curr_val_reg[0]) is unused and will be removed from module Mega_Cluster.
WARNING: [Synth 8-3332] Sequential element (MiniCluster0/CU1/Y_reg[7]) is unused and will be removed from module Mega_Cluster.
WARNING: [Synth 8-3332] Sequential element (MiniCluster0/CU1/Y_reg[6]) is unused and will be removed from module Mega_Cluster.
WARNING: [Synth 8-3332] Sequential element (MiniCluster0/CU1/Y_reg[5]) is unused and will be removed from module Mega_Cluster.
WARNING: [Synth 8-3332] Sequential element (MiniCluster0/CU1/Y_reg[4]) is unused and will be removed from module Mega_Cluster.
WARNING: [Synth 8-3332] Sequential element (MiniCluster0/CU2/Storage/Q_reg[7]) is unused and will be removed from module Mega_Cluster.
WARNING: [Synth 8-3332] Sequential element (MiniCluster0/CU2/Storage/Q_reg[6]) is unused and will be removed from module Mega_Cluster.
WARNING: [Synth 8-3332] Sequential element (MiniCluster0/CU2/Storage/Q_reg[5]) is unused and will be removed from module Mega_Cluster.
WARNING: [Synth 8-3332] Sequential element (MiniCluster0/CU2/Storage/Q_reg[4]) is unused and will be removed from module Mega_Cluster.
WARNING: [Synth 8-3332] Sequential element (MiniCluster0/CU2/Storage/Q_reg[3]) is unused and will be removed from module Mega_Cluster.
WARNING: [Synth 8-3332] Sequential element (MiniCluster0/CU2/Storage/Q_reg[2]) is unused and will be removed from module Mega_Cluster.
WARNING: [Synth 8-3332] Sequential element (MiniCluster0/CU2/Storage/Q_reg[1]) is unused and will be removed from module Mega_Cluster.
WARNING: [Synth 8-3332] Sequential element (MiniCluster0/CU2/Storage/Q_reg[0]) is unused and will be removed from module Mega_Cluster.
WARNING: [Synth 8-3332] Sequential element (MiniCluster0/CU2/Storage/curr_val_reg[7]) is unused and will be removed from module Mega_Cluster.
WARNING: [Synth 8-3332] Sequential element (MiniCluster0/CU2/Storage/curr_val_reg[6]) is unused and will be removed from module Mega_Cluster.
WARNING: [Synth 8-3332] Sequential element (MiniCluster0/CU2/Storage/curr_val_reg[5]) is unused and will be removed from module Mega_Cluster.
WARNING: [Synth 8-3332] Sequential element (MiniCluster0/CU2/Storage/curr_val_reg[4]) is unused and will be removed from module Mega_Cluster.
WARNING: [Synth 8-3332] Sequential element (MiniCluster0/CU2/Storage/curr_val_reg[3]) is unused and will be removed from module Mega_Cluster.
WARNING: [Synth 8-3332] Sequential element (MiniCluster0/CU2/Storage/curr_val_reg[2]) is unused and will be removed from module Mega_Cluster.
WARNING: [Synth 8-3332] Sequential element (MiniCluster0/CU2/Storage/curr_val_reg[1]) is unused and will be removed from module Mega_Cluster.
WARNING: [Synth 8-3332] Sequential element (MiniCluster0/CU2/Storage/curr_val_reg[0]) is unused and will be removed from module Mega_Cluster.
WARNING: [Synth 8-3332] Sequential element (MiniCluster0/CU2/Y_reg[7]) is unused and will be removed from module Mega_Cluster.
WARNING: [Synth 8-3332] Sequential element (MiniCluster0/CU2/Y_reg[6]) is unused and will be removed from module Mega_Cluster.
WARNING: [Synth 8-3332] Sequential element (MiniCluster0/CU2/Y_reg[5]) is unused and will be removed from module Mega_Cluster.
WARNING: [Synth 8-3332] Sequential element (MiniCluster0/CU2/Y_reg[4]) is unused and will be removed from module Mega_Cluster.
WARNING: [Synth 8-3332] Sequential element (MiniCluster0/CU3/Storage/Q_reg[15]) is unused and will be removed from module Mega_Cluster.
WARNING: [Synth 8-3332] Sequential element (MiniCluster0/CU3/Storage/Q_reg[14]) is unused and will be removed from module Mega_Cluster.
WARNING: [Synth 8-3332] Sequential element (MiniCluster0/CU3/Storage/Q_reg[13]) is unused and will be removed from module Mega_Cluster.
WARNING: [Synth 8-3332] Sequential element (MiniCluster0/CU3/Storage/Q_reg[12]) is unused and will be removed from module Mega_Cluster.
WARNING: [Synth 8-3332] Sequential element (MiniCluster0/CU3/Storage/Q_reg[11]) is unused and will be removed from module Mega_Cluster.
WARNING: [Synth 8-3332] Sequential element (MiniCluster0/CU3/Storage/Q_reg[10]) is unused and will be removed from module Mega_Cluster.
WARNING: [Synth 8-3332] Sequential element (MiniCluster0/CU3/Storage/Q_reg[9]) is unused and will be removed from module Mega_Cluster.
WARNING: [Synth 8-3332] Sequential element (MiniCluster0/CU3/Storage/Q_reg[8]) is unused and will be removed from module Mega_Cluster.
WARNING: [Synth 8-3332] Sequential element (MiniCluster0/CU3/Storage/Q_reg[7]) is unused and will be removed from module Mega_Cluster.
WARNING: [Synth 8-3332] Sequential element (MiniCluster0/CU3/Storage/Q_reg[6]) is unused and will be removed from module Mega_Cluster.
WARNING: [Synth 8-3332] Sequential element (MiniCluster0/CU3/Storage/Q_reg[5]) is unused and will be removed from module Mega_Cluster.
WARNING: [Synth 8-3332] Sequential element (MiniCluster0/CU3/Storage/Q_reg[4]) is unused and will be removed from module Mega_Cluster.
WARNING: [Synth 8-3332] Sequential element (MiniCluster0/CU3/Storage/Q_reg[3]) is unused and will be removed from module Mega_Cluster.
WARNING: [Synth 8-3332] Sequential element (MiniCluster0/CU3/Storage/Q_reg[2]) is unused and will be removed from module Mega_Cluster.
WARNING: [Synth 8-3332] Sequential element (MiniCluster0/CU3/Storage/Q_reg[1]) is unused and will be removed from module Mega_Cluster.
WARNING: [Synth 8-3332] Sequential element (MiniCluster0/CU3/Storage/Q_reg[0]) is unused and will be removed from module Mega_Cluster.
WARNING: [Synth 8-3332] Sequential element (MiniCluster0/CU3/Storage/curr_val_reg[7]) is unused and will be removed from module Mega_Cluster.
WARNING: [Synth 8-3332] Sequential element (MiniCluster0/CU3/Storage/curr_val_reg[6]) is unused and will be removed from module Mega_Cluster.
WARNING: [Synth 8-3332] Sequential element (MiniCluster0/CU3/Storage/curr_val_reg[5]) is unused and will be removed from module Mega_Cluster.
WARNING: [Synth 8-3332] Sequential element (MiniCluster0/CU3/Storage/curr_val_reg[4]) is unused and will be removed from module Mega_Cluster.
WARNING: [Synth 8-3332] Sequential element (MiniCluster0/CU3/Storage/curr_val_reg[3]) is unused and will be removed from module Mega_Cluster.
WARNING: [Synth 8-3332] Sequential element (MiniCluster0/CU3/Storage/curr_val_reg[2]) is unused and will be removed from module Mega_Cluster.
WARNING: [Synth 8-3332] Sequential element (MiniCluster0/CU3/Storage/curr_val_reg[1]) is unused and will be removed from module Mega_Cluster.
WARNING: [Synth 8-3332] Sequential element (MiniCluster0/CU3/Storage/curr_val_reg[0]) is unused and will be removed from module Mega_Cluster.
WARNING: [Synth 8-3332] Sequential element (MiniCluster0/CU3/Y_reg[7]) is unused and will be removed from module Mega_Cluster.
WARNING: [Synth 8-3332] Sequential element (MiniCluster0/CU3/Y_reg[6]) is unused and will be removed from module Mega_Cluster.
WARNING: [Synth 8-3332] Sequential element (MiniCluster0/CU3/Y_reg[5]) is unused and will be removed from module Mega_Cluster.
WARNING: [Synth 8-3332] Sequential element (MiniCluster0/CU3/Y_reg[4]) is unused and will be removed from module Mega_Cluster.
INFO: [Common 17-14] Message 'Synth 8-3332' appears 100 times and further instances of the messages will be disabled. Use the Tcl command set_msg_config to change the current settings.
---------------------------------------------------------------------------------
Finished Cross Boundary and Area Optimization : Time (s): cpu = 00:00:03 ; elapsed = 00:00:16 . Memory (MB): peak = 2211.152 ; gain = 1177.180
---------------------------------------------------------------------------------
No constraint files found.
---------------------------------------------------------------------------------
Start Timing Optimization
---------------------------------------------------------------------------------
---------------------------------------------------------------------------------
Finished Timing Optimization : Time (s): cpu = 00:00:03 ; elapsed = 00:00:17 . Memory (MB): peak = 2211.152 ; gain = 1177.180
---------------------------------------------------------------------------------
---------------------------------------------------------------------------------
Start Technology Mapping
---------------------------------------------------------------------------------
---------------------------------------------------------------------------------
Finished Technology Mapping : Time (s): cpu = 00:00:04 ; elapsed = 00:00:17 . Memory (MB): peak = 2211.152 ; gain = 1177.180
---------------------------------------------------------------------------------
---------------------------------------------------------------------------------
Start IO Insertion
---------------------------------------------------------------------------------
---------------------------------------------------------------------------------
Start Flattening Before IO Insertion
---------------------------------------------------------------------------------
---------------------------------------------------------------------------------
Finished Flattening Before IO Insertion
---------------------------------------------------------------------------------
---------------------------------------------------------------------------------
Start Final Netlist Cleanup
---------------------------------------------------------------------------------
---------------------------------------------------------------------------------
Finished Final Netlist Cleanup
---------------------------------------------------------------------------------
---------------------------------------------------------------------------------
Finished IO Insertion : Time (s): cpu = 00:00:04 ; elapsed = 00:00:20 . Memory (MB): peak = 2211.152 ; gain = 1177.180
---------------------------------------------------------------------------------
---------------------------------------------------------------------------------
Start Renaming Generated Instances
---------------------------------------------------------------------------------
---------------------------------------------------------------------------------
Finished Renaming Generated Instances : Time (s): cpu = 00:00:04 ; elapsed = 00:00:20 . Memory (MB): peak = 2211.152 ; gain = 1177.180
---------------------------------------------------------------------------------
---------------------------------------------------------------------------------
Start Rebuilding User Hierarchy
---------------------------------------------------------------------------------
---------------------------------------------------------------------------------
Finished Rebuilding User Hierarchy : Time (s): cpu = 00:00:04 ; elapsed = 00:00:20 . Memory (MB): peak = 2211.152 ; gain = 1177.180
---------------------------------------------------------------------------------
---------------------------------------------------------------------------------
Start Renaming Generated Ports
---------------------------------------------------------------------------------
---------------------------------------------------------------------------------
Finished Renaming Generated Ports : Time (s): cpu = 00:00:04 ; elapsed = 00:00:20 . Memory (MB): peak = 2211.152 ; gain = 1177.180
---------------------------------------------------------------------------------
---------------------------------------------------------------------------------
Start Handling Custom Attributes
---------------------------------------------------------------------------------
---------------------------------------------------------------------------------
Finished Handling Custom Attributes : Time (s): cpu = 00:00:04 ; elapsed = 00:00:20 . Memory (MB): peak = 2211.152 ; gain = 1177.180
---------------------------------------------------------------------------------
---------------------------------------------------------------------------------
Start Renaming Generated Nets
---------------------------------------------------------------------------------
---------------------------------------------------------------------------------
Finished Renaming Generated Nets : Time (s): cpu = 00:00:04 ; elapsed = 00:00:20 . Memory (MB): peak = 2211.152 ; gain = 1177.180
---------------------------------------------------------------------------------
---------------------------------------------------------------------------------
Start Writing Synthesis Report
---------------------------------------------------------------------------------

Report BlackBoxes: 
+-+--------------+----------+
| |BlackBox name |Instances |
+-+--------------+----------+
+-+--------------+----------+

Report Cell Usage: 
+------+------+------+
|      |Cell  |Count |
+------+------+------+
|1     |BUFG  |     1|
|2     |LUT1  |     1|
|3     |LUT2  |    20|
|4     |LUT4  |    53|
|5     |LUT5  |    41|
|6     |LUT6  |    39|
|7     |MUXF7 |    12|
|8     |LD    |    80|
|9     |LDC   |    64|
|10    |IBUF  |    32|
|11    |OBUF  |    16|
+------+------+------+

Report Instance Areas: 
+------+-----------------+----------------+------+
|      |Instance         |Module          |Cells |
+------+-----------------+----------------+------+
|1     |top              |                |   359|
|2     |  MegaCluster0   |Mega_Cluster    |   221|
|3     |    MiniCluster0 |Mini_Cluster_18 |    90|
|4     |      CU1        |CU_30           |    78|
|5     |        Storage  |D_flipflop_33   |    68|
|6     |      CU2        |CU_31           |    12|
|7     |        Storage  |D_flipflop_32   |     4|
|8     |    MiniCluster1 |Mini_Cluster_19 |    90|
|9     |      CU0        |CU_26           |    76|
|10    |        Storage  |D_flipflop_29   |    66|
|11    |      CU3        |CU_27           |    14|
|12    |        Storage  |D_flipflop_28   |     6|
|13    |    MiniCluster2 |Mini_Cluster_20 |    20|
|14    |      CU1        |CU_24           |    20|
|15    |        Storage  |D_flipflop_25   |    16|
|16    |    MiniCluster3 |Mini_Cluster_21 |    21|
|17    |      CU2        |CU_22           |    21|
|18    |        Storage  |D_flipflop_23   |    16|
|19    |  MegaCluster1   |MegaCluster2    |    26|
|20    |    MiniCluster0 |Mini_Cluster_12 |     3|
|21    |      CU1        |CU_16           |     3|
|22    |        Storage  |D_flipflop_17   |     3|
|23    |    MiniCluster1 |Mini_Cluster_13 |    23|
|24    |      CU2        |CU_14           |    23|
|25    |        Storage  |D_flipflop_15   |    23|
|26    |  MegaCluster2   |MegaCluster3    |    21|
|27    |    MiniCluster0 |Mini_Cluster_6  |     2|
|28    |      CU1        |CU_10           |     2|
|29    |        Storage  |D_flipflop_11   |     2|
|30    |    MiniCluster1 |Mini_Cluster_7  |    19|
|31    |      CU2        |CU_8            |    19|
|32    |        Storage  |D_flipflop_9    |    19|
|33    |  MegaCluster3   |MegaCluster4    |    42|
|34    |    MiniCluster0 |Mini_Cluster    |    26|
|35    |      CU2        |CU_4            |    26|
|36    |        Storage  |D_flipflop_5    |    26|
|37    |    MiniCluster2 |Mini_Cluster_0  |     8|
|38    |      CU1        |CU_2            |     8|
|39    |        Storage  |D_flipflop_3    |     8|
|40    |    MiniCluster3 |Mini_Cluster_1  |     8|
|41    |      CU2        |CU              |     8|
|42    |        Storage  |D_flipflop      |     8|
+------+-----------------+----------------+------+
---------------------------------------------------------------------------------
Finished Writing Synthesis Report : Time (s): cpu = 00:00:04 ; elapsed = 00:00:20 . Memory (MB): peak = 2211.152 ; gain = 1177.180
---------------------------------------------------------------------------------
Synthesis finished with 0 errors, 0 critical warnings and 2209 warnings.
Synthesis Optimization Runtime : Time (s): cpu = 00:00:04 ; elapsed = 00:00:20 . Memory (MB): peak = 2211.152 ; gain = 1177.180
Synthesis Optimization Complete : Time (s): cpu = 00:00:04 ; elapsed = 00:00:20 . Memory (MB): peak = 2211.152 ; gain = 1177.180
INFO: [Project 1-571] Translating synthesized netlist
Netlist sorting complete. Time (s): cpu = 00:00:00 ; elapsed = 00:00:00.003 . Memory (MB): peak = 2218.984 ; gain = 0.000
INFO: [Netlist 29-17] Analyzing 189 Unisim elements for replacement
INFO: [Netlist 29-28] Unisim Transformation completed in 0 CPU seconds
INFO: [Project 1-570] Preparing netlist for logic optimization
INFO: [Opt 31-138] Pushed 1 inverter(s) to 48 load pin(s).
Netlist sorting complete. Time (s): cpu = 00:00:00 ; elapsed = 00:00:00 . Memory (MB): peak = 2299.938 ; gain = 0.000
INFO: [Project 1-111] Unisim Transformation Summary:
  A total of 177 instances were transformed.
  BUFG => BUFGCE: 1 instance 
  IBUF => IBUF (IBUFCTRL, INBUF): 32 instances
  LD => LDCE: 32 instances
  LD => LDCE (inverted pins: G): 48 instances
  LDC => LDCE: 64 instances

Synth Design complete, checksum: 2d282f8e
INFO: [Common 17-83] Releasing license: Synthesis
36 Infos, 125 Warnings, 0 Critical Warnings and 0 Errors encountered.
synth_design completed successfully
synth_design: Time (s): cpu = 00:00:05 ; elapsed = 00:00:22 . Memory (MB): peak = 2299.938 ; gain = 1274.742
INFO: [Common 17-1381] The checkpoint 'C:/Users/vamsi/OneDrive/Desktop/VHDL/Project2/Giga_Cluster/Giga_Cluster.runs/synth_1/Giga_Cluster.dcp' has been generated.
INFO: [runtcl-4] Executing : report_utilization -file Giga_Cluster_utilization_synth.rpt -pb Giga_Cluster_utilization_synth.pb
INFO: [Common 17-206] Exiting Vivado at Sat May  6 17:01:23 2023...
