#-----------------------------------------------------------
# Vivado v2022.2 (64-bit)
# SW Build 3671981 on Fri Oct 14 05:00:03 MDT 2022
# IP Build 3669848 on Fri Oct 14 08:30:02 MDT 2022
# Start of session at: Sat May  6 16:33:34 2023
# Process ID: 28348
# Current directory: C:/Users/vamsi/OneDrive/Desktop/VHDL/Project2/Mega_cluster
# Command line: vivado.exe -gui_launcher_event rodinguilauncherevent25520 C:\Users\vamsi\OneDrive\Desktop\VHDL\Project2\Mega_cluster\Mega_cluster.xpr
# Log file: C:/Users/vamsi/OneDrive/Desktop/VHDL/Project2/Mega_cluster/vivado.log
# Journal file: C:/Users/vamsi/OneDrive/Desktop/VHDL/Project2/Mega_cluster\vivado.jou
# Running On: Vamsi, OS: Windows, CPU Frequency: 2611 MHz, CPU Physical cores: 10, Host memory: 16832 MB
#-----------------------------------------------------------
start_gui
open_project C:/Users/vamsi/OneDrive/Desktop/VHDL/Project2/Mega_cluster/Mega_cluster.xpr
WARNING: [Board 49-26] cannot add Board Part xilinx.com:vek280_es:part0:1.0 available at D:/Xilinx/Vivado/2022.2/data/xhub/boards/XilinxBoardStore/boards/Xilinx/vek280/es/1.0/board.xml as part xcve2802-vsvh1760-2lp-e-s-es1 specified in board_part file is either invalid or not available
INFO: [filemgmt 56-3] Default IP Output Path : Could not find the directory 'C:/Users/vamsi/OneDrive/Desktop/VHDL/Project2/Mega_cluster/Mega_cluster.gen/sources_1'.
WARNING: [Board 49-26] cannot add Board Part xilinx.com:vhk158_es:part0:1.0 available at D:/Xilinx/Vivado/2022.2/data/xhub/boards/XilinxBoardStore/boards/Xilinx/vhk158/es/1.0/board.xml as part xcvh1582-vsva3697-2mp-e-s-es1 specified in board_part file is either invalid or not available
WARNING: [Board 49-26] cannot add Board Part xilinx.com:vpk120_es:part0:1.2 available at D:/Xilinx/Vivado/2022.2/data/xhub/boards/XilinxBoardStore/boards/Xilinx/vpk120/es/1.2/board.xml as part xcvp1202-vsva2785-2mp-e-s-es1 specified in board_part file is either invalid or not available
WARNING: [Board 49-26] cannot add Board Part xilinx.com:vpk120_es_revb:part0:1.0 available at D:/Xilinx/Vivado/2022.2/data/xhub/boards/XilinxBoardStore/boards/Xilinx/vpk120_revb/es/1.0/board.xml as part xcvp1202-vsva2785-2mp-e-s-es1 specified in board_part file is either invalid or not available
WARNING: [Board 49-26] cannot add Board Part xilinx.com:vpk180_es:part0:1.0 available at D:/Xilinx/Vivado/2022.2/data/xhub/boards/XilinxBoardStore/boards/Xilinx/vpk180/es/1.0/board.xml as part xcvp1802-lsvc4072-2mp-e-s-es1 specified in board_part file is either invalid or not available
WARNING: [Board 49-26] cannot add Board Part xilinx.com:zcu208ld:part0:2.0 available at D:/Xilinx/Vivado/2022.2/data/xhub/boards/XilinxBoardStore/boards/Xilinx/zcu208ld/production/2.0/board.xml as part xczu58dr-fsvg1517-2-i specified in board_part file is either invalid or not available
WARNING: [Board 49-26] cannot add Board Part xilinx.com:zcu216ld:part0:2.0 available at D:/Xilinx/Vivado/2022.2/data/xhub/boards/XilinxBoardStore/boards/Xilinx/zcu216ld/production/2.0/board.xml as part xczu59dr-ffvf1760-2-i specified in board_part file is either invalid or not available
WARNING: [Board 49-26] cannot add Board Part xilinx.com:zcu670:part0:2.0 available at D:/Xilinx/Vivado/2022.2/data/xhub/boards/XilinxBoardStore/boards/Xilinx/zcu670/2.0/board.xml as part xczu67dr-fsve1156-2-i specified in board_part file is either invalid or not available
WARNING: [Board 49-26] cannot add Board Part xilinx.com:zcu670ld:part0:1.0 available at D:/Xilinx/Vivado/2022.2/data/xhub/boards/XilinxBoardStore/boards/Xilinx/zcu670ld/1.0/board.xml as part xczu57dr-fsve1156-2-i specified in board_part file is either invalid or not available
Scanning sources...
Finished scanning sources
INFO: [IP_Flow 19-234] Refreshing IP repositories
INFO: [IP_Flow 19-1704] No user IP repositories specified
INFO: [IP_Flow 19-2313] Loaded Vivado IP repository 'D:/Xilinx/Vivado/2022.2/data/ip'.
open_project: Time (s): cpu = 00:00:05 ; elapsed = 00:00:06 . Memory (MB): peak = 1716.344 ; gain = 282.211
update_compile_order -fileset sources_1
synth_design -rtl -rtl_skip_mlo -name rtl_1
Command: synth_design -rtl -rtl_skip_mlo -name rtl_1
Starting synth_design
Using part: xc7vx485tffg1157-1
Top: Mega_Cluster
INFO: [Device 21-403] Loading part xc7vx485tffg1157-1
INFO: [Synth 8-11241] undeclared symbol 'REGCCE', assumed default net type 'wire' [D:/Xilinx/Vivado/2022.2/data/verilog/src/unimacro/BRAM_SINGLE_MACRO.v:2170]
---------------------------------------------------------------------------------
Starting RTL Elaboration : Time (s): cpu = 00:00:02 ; elapsed = 00:00:03 . Memory (MB): peak = 2662.594 ; gain = 416.230
---------------------------------------------------------------------------------
INFO: [Synth 8-638] synthesizing module 'Mega_Cluster' [C:/Users/vamsi/OneDrive/Desktop/VHDL/Project2/Mega_cluster/Mega_cluster.srcs/sources_1/new/Mega_Cluster.vhd:42]
INFO: [Synth 8-638] synthesizing module 'Mini_Cluster' [C:/Users/vamsi/OneDrive/Desktop/VHDL/Project2/Mega_cluster/Mega_cluster.srcs/sources_1/imports/new/Cluster.vhd:47]
INFO: [Synth 8-638] synthesizing module 'CU' [C:/Users/vamsi/OneDrive/Desktop/VHDL/Project2/Mega_cluster/Mega_cluster.srcs/sources_1/imports/new/CU.vhd:48]
INFO: [Synth 8-638] synthesizing module 'D_flipflop' [C:/Users/vamsi/OneDrive/Desktop/VHDL/Project2/Mega_cluster/Mega_cluster.srcs/sources_1/imports/new/D_flipflop.vhd:41]
WARNING: [Synth 8-614] signal 'curr_val' is read in the process but is not in the sensitivity list [C:/Users/vamsi/OneDrive/Desktop/VHDL/Project2/Mega_cluster/Mega_cluster.srcs/sources_1/imports/new/D_flipflop.vhd:44]
INFO: [Synth 8-256] done synthesizing module 'D_flipflop' (0#1) [C:/Users/vamsi/OneDrive/Desktop/VHDL/Project2/Mega_cluster/Mega_cluster.srcs/sources_1/imports/new/D_flipflop.vhd:41]
INFO: [Synth 8-226] default block is never used [C:/Users/vamsi/OneDrive/Desktop/VHDL/Project2/Mega_cluster/Mega_cluster.srcs/sources_1/imports/new/CU.vhd:66]
INFO: [Synth 8-256] done synthesizing module 'CU' (0#1) [C:/Users/vamsi/OneDrive/Desktop/VHDL/Project2/Mega_cluster/Mega_cluster.srcs/sources_1/imports/new/CU.vhd:48]
INFO: [Synth 8-256] done synthesizing module 'Mini_Cluster' (0#1) [C:/Users/vamsi/OneDrive/Desktop/VHDL/Project2/Mega_cluster/Mega_cluster.srcs/sources_1/imports/new/Cluster.vhd:47]
INFO: [Synth 8-256] done synthesizing module 'Mega_Cluster' (0#1) [C:/Users/vamsi/OneDrive/Desktop/VHDL/Project2/Mega_cluster/Mega_cluster.srcs/sources_1/new/Mega_Cluster.vhd:42]
WARNING: [Synth 8-3917] design Mega_Cluster has port OUTPUT[39] driven by constant 0
WARNING: [Synth 8-3917] design Mega_Cluster has port OUTPUT[38] driven by constant 0
WARNING: [Synth 8-3917] design Mega_Cluster has port OUTPUT[37] driven by constant 0
WARNING: [Synth 8-3917] design Mega_Cluster has port OUTPUT[36] driven by constant 1
WARNING: [Synth 8-3917] design Mega_Cluster has port OUTPUT[35] driven by constant 0
WARNING: [Synth 8-3917] design Mega_Cluster has port OUTPUT[34] driven by constant 0
WARNING: [Synth 8-3917] design Mega_Cluster has port OUTPUT[33] driven by constant 1
WARNING: [Synth 8-3917] design Mega_Cluster has port OUTPUT[32] driven by constant 1
WARNING: [Synth 8-3917] design Mega_Cluster has port OUTPUT[23] driven by constant 0
WARNING: [Synth 8-3917] design Mega_Cluster has port OUTPUT[22] driven by constant 0
WARNING: [Synth 8-3917] design Mega_Cluster has port OUTPUT[21] driven by constant 1
WARNING: [Synth 8-3917] design Mega_Cluster has port OUTPUT[20] driven by constant 1
WARNING: [Synth 8-3917] design Mega_Cluster has port OUTPUT[19] driven by constant 1
WARNING: [Synth 8-3917] design Mega_Cluster has port OUTPUT[18] driven by constant 1
WARNING: [Synth 8-3917] design Mega_Cluster has port OUTPUT[17] driven by constant 0
WARNING: [Synth 8-3917] design Mega_Cluster has port OUTPUT[16] driven by constant 1
WARNING: [Synth 8-3917] design Mega_Cluster has port OUTPUT[15] driven by constant 0
WARNING: [Synth 8-3917] design Mega_Cluster has port OUTPUT[14] driven by constant 1
WARNING: [Synth 8-3917] design Mega_Cluster has port OUTPUT[13] driven by constant 1
WARNING: [Synth 8-3917] design Mega_Cluster has port OUTPUT[12] driven by constant 0
WARNING: [Synth 8-3917] design Mega_Cluster has port OUTPUT[11] driven by constant 1
WARNING: [Synth 8-3917] design Mega_Cluster has port OUTPUT[10] driven by constant 1
WARNING: [Synth 8-3917] design Mega_Cluster has port OUTPUT[9] driven by constant 1
WARNING: [Synth 8-3917] design Mega_Cluster has port OUTPUT[8] driven by constant 0
WARNING: [Synth 8-3917] design Mega_Cluster has port OUTPUT[7] driven by constant 0
WARNING: [Synth 8-3917] design Mega_Cluster has port OUTPUT[6] driven by constant 1
WARNING: [Synth 8-3917] design Mega_Cluster has port OUTPUT[5] driven by constant 1
WARNING: [Synth 8-3917] design Mega_Cluster has port OUTPUT[4] driven by constant 0
WARNING: [Synth 8-3917] design Mega_Cluster has port OUTPUT[3] driven by constant 0
WARNING: [Synth 8-3917] design Mega_Cluster has port OUTPUT[2] driven by constant 0
WARNING: [Synth 8-3917] design Mega_Cluster has port OUTPUT[1] driven by constant 0
WARNING: [Synth 8-3917] design Mega_Cluster has port OUTPUT[0] driven by constant 1
WARNING: [Synth 8-7129] Port C[2] in module CU is either unconnected or has no load
---------------------------------------------------------------------------------
Finished RTL Elaboration : Time (s): cpu = 00:00:02 ; elapsed = 00:00:05 . Memory (MB): peak = 2737.344 ; gain = 490.980
---------------------------------------------------------------------------------
---------------------------------------------------------------------------------
Start Handling Custom Attributes
---------------------------------------------------------------------------------
---------------------------------------------------------------------------------
Finished Handling Custom Attributes : Time (s): cpu = 00:00:02 ; elapsed = 00:00:05 . Memory (MB): peak = 2755.250 ; gain = 508.887
---------------------------------------------------------------------------------
---------------------------------------------------------------------------------
Finished RTL Optimization Phase 1 : Time (s): cpu = 00:00:02 ; elapsed = 00:00:05 . Memory (MB): peak = 2755.250 ; gain = 508.887
---------------------------------------------------------------------------------
Netlist sorting complete. Time (s): cpu = 00:00:00 ; elapsed = 00:00:00.007 . Memory (MB): peak = 2755.250 ; gain = 0.000
WARNING: [Netlist 29-1115] Found multi-term driver net: <const0>.
WARNING: [Netlist 29-1115] Found multi-term driver net: <const1>.
INFO: [Project 1-570] Preparing netlist for logic optimization

Processing XDC Constraints
Initializing timing engine
Completed Processing XDC Constraints

Netlist sorting complete. Time (s): cpu = 00:00:00 ; elapsed = 00:00:00 . Memory (MB): peak = 2875.379 ; gain = 0.000
INFO: [Project 1-111] Unisim Transformation Summary:
No Unisim elements were transformed.

RTL Elaboration Complete:  : Time (s): cpu = 00:00:05 ; elapsed = 00:00:09 . Memory (MB): peak = 2922.531 ; gain = 676.168
13 Infos, 36 Warnings, 0 Critical Warnings and 0 Errors encountered.
synth_design completed successfully
synth_design: Time (s): cpu = 00:00:08 ; elapsed = 00:00:19 . Memory (MB): peak = 2922.531 ; gain = 1188.207
write_schematic -format pdf -orientation portrait C:/Users/vamsi/OneDrive/Desktop/VHDL/Project2/Giga_Cluster/Giga_Cluster.srcs/sources_1/imports/Project2/MegaCluster2/MegaCluster2.srcs/sources_1/new/schematic.pdf
C:/Users/vamsi/OneDrive/Desktop/VHDL/Project2/Giga_Cluster/Giga_Cluster.srcs/sources_1/imports/Project2/MegaCluster2/MegaCluster2.srcs/sources_1/new/schematic.pdf
exit
INFO: [Common 17-206] Exiting Vivado at Sat May  6 16:37:46 2023...
