#-----------------------------------------------------------
# Vivado v2022.2 (64-bit)
# SW Build 3671981 on Fri Oct 14 05:00:03 MDT 2022
# IP Build 3669848 on Fri Oct 14 08:30:02 MDT 2022
# Start of session at: Fri May  5 13:00:53 2023
# Process ID: 29976
# Current directory: C:/Users/vamsi/OneDrive/Desktop/VHDL/Project2/Giga_Cluster
# Command line: vivado.exe -gui_launcher_event rodinguilauncherevent30188 C:\Users\vamsi\OneDrive\Desktop\VHDL\Project2\Giga_Cluster\Giga_Cluster.xpr
# Log file: C:/Users/vamsi/OneDrive/Desktop/VHDL/Project2/Giga_Cluster/vivado.log
# Journal file: C:/Users/vamsi/OneDrive/Desktop/VHDL/Project2/Giga_Cluster\vivado.jou
# Running On: Vamsi, OS: Windows, CPU Frequency: 2611 MHz, CPU Physical cores: 10, Host memory: 16832 MB
#-----------------------------------------------------------
start_gui
open_project C:/Users/vamsi/OneDrive/Desktop/VHDL/Project2/Giga_Cluster/Giga_Cluster.xpr
WARNING: [Board 49-26] cannot add Board Part xilinx.com:vek280_es:part0:1.0 available at D:/Xilinx/Vivado/2022.2/data/xhub/boards/XilinxBoardStore/boards/Xilinx/vek280/es/1.0/board.xml as part xcve2802-vsvh1760-2lp-e-s-es1 specified in board_part file is either invalid or not available
WARNING: [Board 49-26] cannot add Board Part xilinx.com:vhk158_es:part0:1.0 available at D:/Xilinx/Vivado/2022.2/data/xhub/boards/XilinxBoardStore/boards/Xilinx/vhk158/es/1.0/board.xml as part xcvh1582-vsva3697-2mp-e-s-es1 specified in board_part file is either invalid or not available
WARNING: [Board 49-26] cannot add Board Part xilinx.com:vpk120_es:part0:1.2 available at D:/Xilinx/Vivado/2022.2/data/xhub/boards/XilinxBoardStore/boards/Xilinx/vpk120/es/1.2/board.xml as part xcvp1202-vsva2785-2mp-e-s-es1 specified in board_part file is either invalid or not available
WARNING: [Board 49-26] cannot add Board Part xilinx.com:vpk120_es_revb:part0:1.0 available at D:/Xilinx/Vivado/2022.2/data/xhub/boards/XilinxBoardStore/boards/Xilinx/vpk120_revb/es/1.0/board.xml as part xcvp1202-vsva2785-2mp-e-s-es1 specified in board_part file is either invalid or not available
WARNING: [Board 49-26] cannot add Board Part xilinx.com:vpk180_es:part0:1.0 available at D:/Xilinx/Vivado/2022.2/data/xhub/boards/XilinxBoardStore/boards/Xilinx/vpk180/es/1.0/board.xml as part xcvp1802-lsvc4072-2mp-e-s-es1 specified in board_part file is either invalid or not available
WARNING: [Board 49-26] cannot add Board Part xilinx.com:zcu208ld:part0:2.0 available at D:/Xilinx/Vivado/2022.2/data/xhub/boards/XilinxBoardStore/boards/Xilinx/zcu208ld/production/2.0/board.xml as part xczu58dr-fsvg1517-2-i specified in board_part file is either invalid or not available
WARNING: [Board 49-26] cannot add Board Part xilinx.com:zcu216ld:part0:2.0 available at D:/Xilinx/Vivado/2022.2/data/xhub/boards/XilinxBoardStore/boards/Xilinx/zcu216ld/production/2.0/board.xml as part xczu59dr-ffvf1760-2-i specified in board_part file is either invalid or not available
WARNING: [Board 49-26] cannot add Board Part xilinx.com:zcu670:part0:2.0 available at D:/Xilinx/Vivado/2022.2/data/xhub/boards/XilinxBoardStore/boards/Xilinx/zcu670/2.0/board.xml as part xczu67dr-fsve1156-2-i specified in board_part file is either invalid or not available
WARNING: [Board 49-26] cannot add Board Part xilinx.com:zcu670ld:part0:1.0 available at D:/Xilinx/Vivado/2022.2/data/xhub/boards/XilinxBoardStore/boards/Xilinx/zcu670ld/1.0/board.xml as part xczu57dr-fsve1156-2-i specified in board_part file is either invalid or not available
INFO: [filemgmt 56-3] Default IP Output Path : Could not find the directory 'C:/Users/vamsi/OneDrive/Desktop/VHDL/Project2/Giga_Cluster/Giga_Cluster.gen/sources_1'.
Scanning sources...
Finished scanning sources
INFO: [IP_Flow 19-234] Refreshing IP repositories
INFO: [IP_Flow 19-1704] No user IP repositories specified
INFO: [IP_Flow 19-2313] Loaded Vivado IP repository 'D:/Xilinx/Vivado/2022.2/data/ip'.
open_project: Time (s): cpu = 00:00:12 ; elapsed = 00:00:10 . Memory (MB): peak = 1742.961 ; gain = 333.129
update_compile_order -fileset sources_1
synth_design -rtl -rtl_skip_mlo -name rtl_1
Command: synth_design -rtl -rtl_skip_mlo -name rtl_1
Starting synth_design
Using part: xazu3eg-sfvc784-1Q-q
Top: Giga_Cluster
INFO: [Device 21-403] Loading part xazu3eg-sfvc784-1Q-q
INFO: [Synth 8-11241] undeclared symbol 'REGCCE', assumed default net type 'wire' [D:/Xilinx/Vivado/2022.2/data/verilog/src/unimacro/BRAM_SINGLE_MACRO.v:2170]
---------------------------------------------------------------------------------
Starting RTL Elaboration : Time (s): cpu = 00:00:02 ; elapsed = 00:00:04 . Memory (MB): peak = 2971.320 ; gain = 387.906
---------------------------------------------------------------------------------
INFO: [Synth 8-638] synthesizing module 'Giga_Cluster' [C:/Users/vamsi/OneDrive/Desktop/VHDL/Project2/Giga_Cluster/Giga_Cluster.srcs/sources_1/new/Giga_Cluster.vhd:43]
INFO: [Synth 8-638] synthesizing module 'Mega_Cluster' [C:/Users/vamsi/OneDrive/Desktop/VHDL/Project2/Giga_Cluster/Giga_Cluster.srcs/sources_1/imports/new/Mega_Cluster.vhd:42]
INFO: [Synth 8-638] synthesizing module 'Mini_Cluster' [C:/Users/vamsi/OneDrive/Desktop/VHDL/Project2/Giga_Cluster/Giga_Cluster.srcs/sources_1/imports/new/Cluster.vhd:47]
INFO: [Synth 8-638] synthesizing module 'CU' [C:/Users/vamsi/OneDrive/Desktop/VHDL/Project2/Giga_Cluster/Giga_Cluster.srcs/sources_1/imports/new/CU.vhd:48]
INFO: [Synth 8-638] synthesizing module 'D_flipflop' [C:/Users/vamsi/OneDrive/Desktop/VHDL/Project2/Giga_Cluster/Giga_Cluster.srcs/sources_1/imports/new/D_flipflop.vhd:41]
WARNING: [Synth 8-614] signal 'curr_val' is read in the process but is not in the sensitivity list [C:/Users/vamsi/OneDrive/Desktop/VHDL/Project2/Giga_Cluster/Giga_Cluster.srcs/sources_1/imports/new/D_flipflop.vhd:44]
INFO: [Synth 8-256] done synthesizing module 'D_flipflop' (0#1) [C:/Users/vamsi/OneDrive/Desktop/VHDL/Project2/Giga_Cluster/Giga_Cluster.srcs/sources_1/imports/new/D_flipflop.vhd:41]
INFO: [Synth 8-226] default block is never used [C:/Users/vamsi/OneDrive/Desktop/VHDL/Project2/Giga_Cluster/Giga_Cluster.srcs/sources_1/imports/new/CU.vhd:66]
INFO: [Synth 8-256] done synthesizing module 'CU' (0#1) [C:/Users/vamsi/OneDrive/Desktop/VHDL/Project2/Giga_Cluster/Giga_Cluster.srcs/sources_1/imports/new/CU.vhd:48]
INFO: [Synth 8-256] done synthesizing module 'Mini_Cluster' (0#1) [C:/Users/vamsi/OneDrive/Desktop/VHDL/Project2/Giga_Cluster/Giga_Cluster.srcs/sources_1/imports/new/Cluster.vhd:47]
INFO: [Synth 8-256] done synthesizing module 'Mega_Cluster' (0#1) [C:/Users/vamsi/OneDrive/Desktop/VHDL/Project2/Giga_Cluster/Giga_Cluster.srcs/sources_1/imports/new/Mega_Cluster.vhd:42]
INFO: [Synth 8-638] synthesizing module 'MegaCluster2' [C:/Users/vamsi/OneDrive/Desktop/VHDL/Project2/Giga_Cluster/Giga_Cluster.srcs/sources_1/imports/Project2/MegaCluster2/MegaCluster2.srcs/sources_1/new/MegaCluster2.vhd:42]
INFO: [Synth 8-256] done synthesizing module 'MegaCluster2' (0#1) [C:/Users/vamsi/OneDrive/Desktop/VHDL/Project2/Giga_Cluster/Giga_Cluster.srcs/sources_1/imports/Project2/MegaCluster2/MegaCluster2.srcs/sources_1/new/MegaCluster2.vhd:42]
INFO: [Synth 8-638] synthesizing module 'MegaCluster3' [C:/Users/vamsi/OneDrive/Desktop/VHDL/Project2/Giga_Cluster/Giga_Cluster.srcs/sources_1/imports/Project2/MegaCluster3/MegaCluster3.srcs/sources_1/new/MegaCluster3.vhd:42]
INFO: [Synth 8-256] done synthesizing module 'MegaCluster3' (0#1) [C:/Users/vamsi/OneDrive/Desktop/VHDL/Project2/Giga_Cluster/Giga_Cluster.srcs/sources_1/imports/Project2/MegaCluster3/MegaCluster3.srcs/sources_1/new/MegaCluster3.vhd:42]
INFO: [Synth 8-638] synthesizing module 'MegaCluster4' [C:/Users/vamsi/OneDrive/Desktop/VHDL/Project2/Giga_Cluster/Giga_Cluster.srcs/sources_1/imports/Project2/MEgaCluster4/MegaCluster4.srcs/sources_1/new/MegaCluster4.vhd:42]
INFO: [Synth 8-256] done synthesizing module 'MegaCluster4' (0#1) [C:/Users/vamsi/OneDrive/Desktop/VHDL/Project2/Giga_Cluster/Giga_Cluster.srcs/sources_1/imports/Project2/MEgaCluster4/MegaCluster4.srcs/sources_1/new/MegaCluster4.vhd:42]
INFO: [Synth 8-256] done synthesizing module 'Giga_Cluster' (0#1) [C:/Users/vamsi/OneDrive/Desktop/VHDL/Project2/Giga_Cluster/Giga_Cluster.srcs/sources_1/new/Giga_Cluster.vhd:43]
WARNING: [Synth 8-7129] Port C[2] in module CU is either unconnected or has no load
---------------------------------------------------------------------------------
Finished RTL Elaboration : Time (s): cpu = 00:00:03 ; elapsed = 00:00:05 . Memory (MB): peak = 3065.277 ; gain = 481.863
---------------------------------------------------------------------------------
---------------------------------------------------------------------------------
Start Handling Custom Attributes
---------------------------------------------------------------------------------
---------------------------------------------------------------------------------
Finished Handling Custom Attributes : Time (s): cpu = 00:00:03 ; elapsed = 00:00:05 . Memory (MB): peak = 3083.203 ; gain = 499.789
---------------------------------------------------------------------------------
---------------------------------------------------------------------------------
Finished RTL Optimization Phase 1 : Time (s): cpu = 00:00:03 ; elapsed = 00:00:05 . Memory (MB): peak = 3083.203 ; gain = 499.789
---------------------------------------------------------------------------------
Netlist sorting complete. Time (s): cpu = 00:00:00 ; elapsed = 00:00:00.026 . Memory (MB): peak = 3083.203 ; gain = 0.000
INFO: [Project 1-570] Preparing netlist for logic optimization

Processing XDC Constraints
Initializing timing engine
Completed Processing XDC Constraints

Netlist sorting complete. Time (s): cpu = 00:00:00 ; elapsed = 00:00:00 . Memory (MB): peak = 3185.562 ; gain = 0.000
INFO: [Project 1-111] Unisim Transformation Summary:
No Unisim elements were transformed.

RTL Elaboration Complete:  : Time (s): cpu = 00:00:06 ; elapsed = 00:00:09 . Memory (MB): peak = 3294.230 ; gain = 710.816
21 Infos, 2 Warnings, 0 Critical Warnings and 0 Errors encountered.
synth_design completed successfully
synth_design: Time (s): cpu = 00:00:08 ; elapsed = 00:00:18 . Memory (MB): peak = 3294.230 ; gain = 1510.098
launch_simulation
Command: launch_simulation 
INFO: [Vivado 12-12493] Simulation top is 'Giga_tb'
WARNING: [Vivado 12-13340] Unable to auto find GCC executables from simulator install path! (path not set)
WARNING: [Vivado 12-13277] Compiled library path does not exist: ''
INFO: [Vivado 12-5682] Launching behavioral simulation in 'C:/Users/vamsi/OneDrive/Desktop/VHDL/Project2/Giga_Cluster/Giga_Cluster.sim/sim_1/behav/xsim'
INFO: [SIM-utils-51] Simulation object is 'sim_1'
INFO: [SIM-utils-72] Using boost library from 'D:/Xilinx/Vivado/2022.2/tps/boost_1_72_0'
INFO: [SIM-utils-54] Inspecting design source files for 'Giga_tb' in fileset 'sim_1'...
INFO: [USF-XSim-97] Finding global include files...
INFO: [USF-XSim-98] Fetching design files from 'sim_1'...
INFO: [USF-XSim-2] XSim::Compile design
INFO: [USF-XSim-61] Executing 'COMPILE and ANALYZE' step in 'C:/Users/vamsi/OneDrive/Desktop/VHDL/Project2/Giga_Cluster/Giga_Cluster.sim/sim_1/behav/xsim'
"xvhdl --incr --relax -prj Giga_tb_vhdl.prj"
INFO: [USF-XSim-69] 'compile' step finished in '1' seconds
INFO: [USF-XSim-3] XSim::Elaborate design
INFO: [USF-XSim-61] Executing 'ELABORATE' step in 'C:/Users/vamsi/OneDrive/Desktop/VHDL/Project2/Giga_Cluster/Giga_Cluster.sim/sim_1/behav/xsim'
"xelab --incr --debug typical --relax --mt 2 -L xil_defaultlib -L secureip --snapshot Giga_tb_behav xil_defaultlib.Giga_tb -log elaborate.log"
Vivado Simulator v2022.2
Copyright 1986-1999, 2001-2022 Xilinx, Inc. All Rights Reserved.
Running: D:/Xilinx/Vivado/2022.2/bin/unwrapped/win64.o/xelab.exe --incr --debug typical --relax --mt 2 -L xil_defaultlib -L secureip --snapshot Giga_tb_behav xil_defaultlib.Giga_tb -log elaborate.log 
Using 2 slave threads.
Starting static elaboration
Completed static elaboration
INFO: [XSIM 43-4323] No Change in HDL. Linking previously generated obj files to create kernel
INFO: [USF-XSim-69] 'elaborate' step finished in '2' seconds
INFO: [USF-XSim-4] XSim::Simulate design
INFO: [USF-XSim-61] Executing 'SIMULATE' step in 'C:/Users/vamsi/OneDrive/Desktop/VHDL/Project2/Giga_Cluster/Giga_Cluster.sim/sim_1/behav/xsim'
INFO: [USF-XSim-98] *** Running xsim
   with args "Giga_tb_behav -key {Behavioral:sim_1:Functional:Giga_tb} -tclbatch {Giga_tb.tcl} -log {simulate.log}"
INFO: [USF-XSim-8] Loading simulator feature
Time resolution is 1 ps
source Giga_tb.tcl
# set curr_wave [current_wave_config]
# if { [string length $curr_wave] == 0 } {
#   if { [llength [get_objects]] > 0} {
#     add_wave /
#     set_property needs_save false [current_wave_config]
#   } else {
#      send_msg_id Add_Wave-1 WARNING "No top level signals found. Simulator will start without a wave window. If you want to open a wave window go to 'File->New Waveform Configuration' or type 'create_wave_config' in the TCL console."
#   }
# }
# run 1000ns
INFO: [USF-XSim-96] XSim completed. Design snapshot 'Giga_tb_behav' loaded.
INFO: [USF-XSim-97] XSim simulation ran for 1000ns
launch_simulation: Time (s): cpu = 00:00:02 ; elapsed = 00:00:07 . Memory (MB): peak = 3333.211 ; gain = 33.797
refresh_design
INFO: [Synth 8-11241] undeclared symbol 'REGCCE', assumed default net type 'wire' [D:/Xilinx/Vivado/2022.2/data/verilog/src/unimacro/BRAM_SINGLE_MACRO.v:2170]
---------------------------------------------------------------------------------
Starting RTL Elaboration : Time (s): cpu = 00:00:02 ; elapsed = 00:00:05 . Memory (MB): peak = 3371.223 ; gain = 22.090
---------------------------------------------------------------------------------
INFO: [Synth 8-638] synthesizing module 'Giga_Cluster' [C:/Users/vamsi/OneDrive/Desktop/VHDL/Project2/Giga_Cluster/Giga_Cluster.srcs/sources_1/new/Giga_Cluster.vhd:43]
INFO: [Synth 8-638] synthesizing module 'Mega_Cluster' [C:/Users/vamsi/OneDrive/Desktop/VHDL/Project2/Giga_Cluster/Giga_Cluster.srcs/sources_1/imports/new/Mega_Cluster.vhd:42]
INFO: [Synth 8-638] synthesizing module 'Mini_Cluster' [C:/Users/vamsi/OneDrive/Desktop/VHDL/Project2/Giga_Cluster/Giga_Cluster.srcs/sources_1/imports/new/Cluster.vhd:47]
INFO: [Synth 8-638] synthesizing module 'CU' [C:/Users/vamsi/OneDrive/Desktop/VHDL/Project2/Giga_Cluster/Giga_Cluster.srcs/sources_1/imports/new/CU.vhd:48]
INFO: [Synth 8-638] synthesizing module 'D_flipflop' [C:/Users/vamsi/OneDrive/Desktop/VHDL/Project2/Giga_Cluster/Giga_Cluster.srcs/sources_1/imports/new/D_flipflop.vhd:41]
WARNING: [Synth 8-614] signal 'curr_val' is read in the process but is not in the sensitivity list [C:/Users/vamsi/OneDrive/Desktop/VHDL/Project2/Giga_Cluster/Giga_Cluster.srcs/sources_1/imports/new/D_flipflop.vhd:44]
INFO: [Synth 8-256] done synthesizing module 'D_flipflop' (0#1) [C:/Users/vamsi/OneDrive/Desktop/VHDL/Project2/Giga_Cluster/Giga_Cluster.srcs/sources_1/imports/new/D_flipflop.vhd:41]
INFO: [Synth 8-226] default block is never used [C:/Users/vamsi/OneDrive/Desktop/VHDL/Project2/Giga_Cluster/Giga_Cluster.srcs/sources_1/imports/new/CU.vhd:66]
INFO: [Synth 8-256] done synthesizing module 'CU' (0#1) [C:/Users/vamsi/OneDrive/Desktop/VHDL/Project2/Giga_Cluster/Giga_Cluster.srcs/sources_1/imports/new/CU.vhd:48]
INFO: [Synth 8-256] done synthesizing module 'Mini_Cluster' (0#1) [C:/Users/vamsi/OneDrive/Desktop/VHDL/Project2/Giga_Cluster/Giga_Cluster.srcs/sources_1/imports/new/Cluster.vhd:47]
INFO: [Synth 8-256] done synthesizing module 'Mega_Cluster' (0#1) [C:/Users/vamsi/OneDrive/Desktop/VHDL/Project2/Giga_Cluster/Giga_Cluster.srcs/sources_1/imports/new/Mega_Cluster.vhd:42]
INFO: [Synth 8-638] synthesizing module 'MegaCluster2' [C:/Users/vamsi/OneDrive/Desktop/VHDL/Project2/Giga_Cluster/Giga_Cluster.srcs/sources_1/imports/Project2/MegaCluster2/MegaCluster2.srcs/sources_1/new/MegaCluster2.vhd:42]
INFO: [Synth 8-256] done synthesizing module 'MegaCluster2' (0#1) [C:/Users/vamsi/OneDrive/Desktop/VHDL/Project2/Giga_Cluster/Giga_Cluster.srcs/sources_1/imports/Project2/MegaCluster2/MegaCluster2.srcs/sources_1/new/MegaCluster2.vhd:42]
INFO: [Synth 8-638] synthesizing module 'MegaCluster3' [C:/Users/vamsi/OneDrive/Desktop/VHDL/Project2/Giga_Cluster/Giga_Cluster.srcs/sources_1/imports/Project2/MegaCluster3/MegaCluster3.srcs/sources_1/new/MegaCluster3.vhd:42]
INFO: [Synth 8-256] done synthesizing module 'MegaCluster3' (0#1) [C:/Users/vamsi/OneDrive/Desktop/VHDL/Project2/Giga_Cluster/Giga_Cluster.srcs/sources_1/imports/Project2/MegaCluster3/MegaCluster3.srcs/sources_1/new/MegaCluster3.vhd:42]
INFO: [Synth 8-638] synthesizing module 'MegaCluster4' [C:/Users/vamsi/OneDrive/Desktop/VHDL/Project2/Giga_Cluster/Giga_Cluster.srcs/sources_1/imports/Project2/MEgaCluster4/MegaCluster4.srcs/sources_1/new/MegaCluster4.vhd:42]
INFO: [Synth 8-256] done synthesizing module 'MegaCluster4' (0#1) [C:/Users/vamsi/OneDrive/Desktop/VHDL/Project2/Giga_Cluster/Giga_Cluster.srcs/sources_1/imports/Project2/MEgaCluster4/MegaCluster4.srcs/sources_1/new/MegaCluster4.vhd:42]
INFO: [Synth 8-256] done synthesizing module 'Giga_Cluster' (0#1) [C:/Users/vamsi/OneDrive/Desktop/VHDL/Project2/Giga_Cluster/Giga_Cluster.srcs/sources_1/new/Giga_Cluster.vhd:43]
WARNING: [Synth 8-7129] Port C[2] in module CU is either unconnected or has no load
---------------------------------------------------------------------------------
Finished RTL Elaboration : Time (s): cpu = 00:00:02 ; elapsed = 00:00:06 . Memory (MB): peak = 3456.887 ; gain = 107.754
---------------------------------------------------------------------------------
---------------------------------------------------------------------------------
Start Handling Custom Attributes
---------------------------------------------------------------------------------
---------------------------------------------------------------------------------
Finished Handling Custom Attributes : Time (s): cpu = 00:00:02 ; elapsed = 00:00:06 . Memory (MB): peak = 3474.730 ; gain = 125.598
---------------------------------------------------------------------------------
---------------------------------------------------------------------------------
Finished RTL Optimization Phase 1 : Time (s): cpu = 00:00:02 ; elapsed = 00:00:06 . Memory (MB): peak = 3474.730 ; gain = 125.598
---------------------------------------------------------------------------------
Netlist sorting complete. Time (s): cpu = 00:00:00 ; elapsed = 00:00:00.027 . Memory (MB): peak = 3489.547 ; gain = 0.000
INFO: [Project 1-570] Preparing netlist for logic optimization

Processing XDC Constraints
Initializing timing engine
Completed Processing XDC Constraints

refresh_design: Time (s): cpu = 00:00:04 ; elapsed = 00:00:09 . Memory (MB): peak = 3489.547 ; gain = 140.414
close_sim
INFO: [Simtcl 6-16] Simulation closed
launch_simulation
Command: launch_simulation 
INFO: [Vivado 12-12493] Simulation top is 'Giga_tb'
WARNING: [Vivado 12-13340] Unable to auto find GCC executables from simulator install path! (path not set)
WARNING: [Vivado 12-13277] Compiled library path does not exist: ''
INFO: [Vivado 12-5682] Launching behavioral simulation in 'C:/Users/vamsi/OneDrive/Desktop/VHDL/Project2/Giga_Cluster/Giga_Cluster.sim/sim_1/behav/xsim'
INFO: [SIM-utils-51] Simulation object is 'sim_1'
INFO: [SIM-utils-72] Using boost library from 'D:/Xilinx/Vivado/2022.2/tps/boost_1_72_0'
INFO: [SIM-utils-54] Inspecting design source files for 'Giga_tb' in fileset 'sim_1'...
INFO: [USF-XSim-97] Finding global include files...
INFO: [USF-XSim-98] Fetching design files from 'sim_1'...
INFO: [USF-XSim-2] XSim::Compile design
INFO: [USF-XSim-61] Executing 'COMPILE and ANALYZE' step in 'C:/Users/vamsi/OneDrive/Desktop/VHDL/Project2/Giga_Cluster/Giga_Cluster.sim/sim_1/behav/xsim'
"xvhdl --incr --relax -prj Giga_tb_vhdl.prj"
INFO: [VRFC 10-163] Analyzing VHDL file "C:/Users/vamsi/OneDrive/Desktop/VHDL/Project2/Giga_Cluster/Giga_Cluster.srcs/sources_1/imports/Project2/MegaCluster2/MegaCluster2.srcs/sources_1/new/MegaCluster2.vhd" into library xil_defaultlib
INFO: [VRFC 10-3107] analyzing entity 'MegaCluster2'
INFO: [VRFC 10-163] Analyzing VHDL file "C:/Users/vamsi/OneDrive/Desktop/VHDL/Project2/Giga_Cluster/Giga_Cluster.srcs/sources_1/new/Giga_Cluster.vhd" into library xil_defaultlib
INFO: [VRFC 10-3107] analyzing entity 'Giga_Cluster'
INFO: [VRFC 10-163] Analyzing VHDL file "C:/Users/vamsi/OneDrive/Desktop/VHDL/Project2/Giga_Cluster/Giga_Cluster.srcs/sim_1/new/Giga_tb.vhd" into library xil_defaultlib
INFO: [VRFC 10-3107] analyzing entity 'Giga_tb'
INFO: [USF-XSim-69] 'compile' step finished in '2' seconds
INFO: [USF-XSim-3] XSim::Elaborate design
INFO: [USF-XSim-61] Executing 'ELABORATE' step in 'C:/Users/vamsi/OneDrive/Desktop/VHDL/Project2/Giga_Cluster/Giga_Cluster.sim/sim_1/behav/xsim'
"xelab --incr --debug typical --relax --mt 2 -L xil_defaultlib -L secureip --snapshot Giga_tb_behav xil_defaultlib.Giga_tb -log elaborate.log"
Vivado Simulator v2022.2
Copyright 1986-1999, 2001-2022 Xilinx, Inc. All Rights Reserved.
Running: D:/Xilinx/Vivado/2022.2/bin/unwrapped/win64.o/xelab.exe --incr --debug typical --relax --mt 2 -L xil_defaultlib -L secureip --snapshot Giga_tb_behav xil_defaultlib.Giga_tb -log elaborate.log 
Using 2 slave threads.
Starting static elaboration
Completed static elaboration
Starting simulation data flow analysis
Completed simulation data flow analysis
Time Resolution for simulation is 1ps
Compiling package std.standard
Compiling package std.textio
Compiling package ieee.std_logic_1164
Compiling package ieee.numeric_std
Compiling package ieee.std_logic_arith
Compiling package ieee.std_logic_unsigned
Compiling architecture behavioral of entity xil_defaultlib.D_flipflop [d_flipflop_default]
Compiling architecture behavioral of entity xil_defaultlib.CU [cu_default]
Compiling architecture behavioral of entity xil_defaultlib.Mini_Cluster [mini_cluster_default]
Compiling architecture behavioral of entity xil_defaultlib.Mega_Cluster [mega_cluster_default]
Compiling architecture behavioral of entity xil_defaultlib.MegaCluster2 [megacluster2_default]
Compiling architecture behavioral of entity xil_defaultlib.MegaCluster3 [megacluster3_default]
Compiling architecture behavioral of entity xil_defaultlib.MegaCluster4 [megacluster4_default]
Compiling architecture behavioral of entity xil_defaultlib.Giga_Cluster [giga_cluster_default]
Compiling architecture behavioral of entity xil_defaultlib.giga_tb
Built simulation snapshot Giga_tb_behav
INFO: [USF-XSim-69] 'elaborate' step finished in '3' seconds
INFO: [USF-XSim-4] XSim::Simulate design
INFO: [USF-XSim-61] Executing 'SIMULATE' step in 'C:/Users/vamsi/OneDrive/Desktop/VHDL/Project2/Giga_Cluster/Giga_Cluster.sim/sim_1/behav/xsim'
INFO: [USF-XSim-98] *** Running xsim
   with args "Giga_tb_behav -key {Behavioral:sim_1:Functional:Giga_tb} -tclbatch {Giga_tb.tcl} -log {simulate.log}"
INFO: [USF-XSim-8] Loading simulator feature
Time resolution is 1 ps
source Giga_tb.tcl
# set curr_wave [current_wave_config]
# if { [string length $curr_wave] == 0 } {
#   if { [llength [get_objects]] > 0} {
#     add_wave /
#     set_property needs_save false [current_wave_config]
#   } else {
#      send_msg_id Add_Wave-1 WARNING "No top level signals found. Simulator will start without a wave window. If you want to open a wave window go to 'File->New Waveform Configuration' or type 'create_wave_config' in the TCL console."
#   }
# }
# run 1000ns
INFO: [USF-XSim-96] XSim completed. Design snapshot 'Giga_tb_behav' loaded.
INFO: [USF-XSim-97] XSim simulation ran for 1000ns
launch_simulation: Time (s): cpu = 00:00:00 ; elapsed = 00:00:08 . Memory (MB): peak = 3489.547 ; gain = 0.000
close_sim
INFO: [Simtcl 6-16] Simulation closed
launch_simulation
Command: launch_simulation 
INFO: [Vivado 12-12493] Simulation top is 'Giga_tb'
WARNING: [Vivado 12-13340] Unable to auto find GCC executables from simulator install path! (path not set)
WARNING: [Vivado 12-13277] Compiled library path does not exist: ''
INFO: [Vivado 12-5682] Launching behavioral simulation in 'C:/Users/vamsi/OneDrive/Desktop/VHDL/Project2/Giga_Cluster/Giga_Cluster.sim/sim_1/behav/xsim'
INFO: [SIM-utils-51] Simulation object is 'sim_1'
INFO: [SIM-utils-72] Using boost library from 'D:/Xilinx/Vivado/2022.2/tps/boost_1_72_0'
INFO: [SIM-utils-54] Inspecting design source files for 'Giga_tb' in fileset 'sim_1'...
INFO: [USF-XSim-97] Finding global include files...
INFO: [USF-XSim-98] Fetching design files from 'sim_1'...
INFO: [USF-XSim-2] XSim::Compile design
INFO: [USF-XSim-61] Executing 'COMPILE and ANALYZE' step in 'C:/Users/vamsi/OneDrive/Desktop/VHDL/Project2/Giga_Cluster/Giga_Cluster.sim/sim_1/behav/xsim'
"xvhdl --incr --relax -prj Giga_tb_vhdl.prj"
INFO: [VRFC 10-163] Analyzing VHDL file "C:/Users/vamsi/OneDrive/Desktop/VHDL/Project2/Giga_Cluster/Giga_Cluster.srcs/sources_1/imports/new/CU.vhd" into library xil_defaultlib
INFO: [VRFC 10-3107] analyzing entity 'CU'
INFO: [VRFC 10-163] Analyzing VHDL file "C:/Users/vamsi/OneDrive/Desktop/VHDL/Project2/Giga_Cluster/Giga_Cluster.srcs/sources_1/imports/new/Cluster.vhd" into library xil_defaultlib
INFO: [VRFC 10-3107] analyzing entity 'Mini_Cluster'
INFO: [VRFC 10-163] Analyzing VHDL file "C:/Users/vamsi/OneDrive/Desktop/VHDL/Project2/Giga_Cluster/Giga_Cluster.srcs/sources_1/imports/new/Mega_Cluster.vhd" into library xil_defaultlib
INFO: [VRFC 10-3107] analyzing entity 'Mega_Cluster'
INFO: [VRFC 10-163] Analyzing VHDL file "C:/Users/vamsi/OneDrive/Desktop/VHDL/Project2/Giga_Cluster/Giga_Cluster.srcs/sources_1/imports/Project2/MegaCluster2/MegaCluster2.srcs/sources_1/new/MegaCluster2.vhd" into library xil_defaultlib
INFO: [VRFC 10-3107] analyzing entity 'MegaCluster2'
INFO: [VRFC 10-163] Analyzing VHDL file "C:/Users/vamsi/OneDrive/Desktop/VHDL/Project2/Giga_Cluster/Giga_Cluster.srcs/sources_1/imports/Project2/MegaCluster3/MegaCluster3.srcs/sources_1/new/MegaCluster3.vhd" into library xil_defaultlib
INFO: [VRFC 10-3107] analyzing entity 'MegaCluster3'
INFO: [VRFC 10-163] Analyzing VHDL file "C:/Users/vamsi/OneDrive/Desktop/VHDL/Project2/Giga_Cluster/Giga_Cluster.srcs/sources_1/imports/Project2/MEgaCluster4/MegaCluster4.srcs/sources_1/new/MegaCluster4.vhd" into library xil_defaultlib
INFO: [VRFC 10-3107] analyzing entity 'MegaCluster4'
INFO: [VRFC 10-163] Analyzing VHDL file "C:/Users/vamsi/OneDrive/Desktop/VHDL/Project2/Giga_Cluster/Giga_Cluster.srcs/sources_1/new/Giga_Cluster.vhd" into library xil_defaultlib
INFO: [VRFC 10-3107] analyzing entity 'Giga_Cluster'
INFO: [VRFC 10-163] Analyzing VHDL file "C:/Users/vamsi/OneDrive/Desktop/VHDL/Project2/Giga_Cluster/Giga_Cluster.srcs/sim_1/new/Giga_tb.vhd" into library xil_defaultlib
INFO: [VRFC 10-3107] analyzing entity 'Giga_tb'
INFO: [USF-XSim-69] 'compile' step finished in '1' seconds
INFO: [USF-XSim-3] XSim::Elaborate design
INFO: [USF-XSim-61] Executing 'ELABORATE' step in 'C:/Users/vamsi/OneDrive/Desktop/VHDL/Project2/Giga_Cluster/Giga_Cluster.sim/sim_1/behav/xsim'
"xelab --incr --debug typical --relax --mt 2 -L xil_defaultlib -L secureip --snapshot Giga_tb_behav xil_defaultlib.Giga_tb -log elaborate.log"
Vivado Simulator v2022.2
Copyright 1986-1999, 2001-2022 Xilinx, Inc. All Rights Reserved.
Running: D:/Xilinx/Vivado/2022.2/bin/unwrapped/win64.o/xelab.exe --incr --debug typical --relax --mt 2 -L xil_defaultlib -L secureip --snapshot Giga_tb_behav xil_defaultlib.Giga_tb -log elaborate.log 
Using 2 slave threads.
Starting static elaboration
Completed static elaboration
Starting simulation data flow analysis
Completed simulation data flow analysis
Time Resolution for simulation is 1ps
Compiling package std.standard
Compiling package std.textio
Compiling package ieee.std_logic_1164
Compiling package ieee.numeric_std
Compiling package ieee.std_logic_arith
Compiling package ieee.std_logic_unsigned
Compiling architecture behavioral of entity xil_defaultlib.D_flipflop [d_flipflop_default]
Compiling architecture behavioral of entity xil_defaultlib.CU [cu_default]
Compiling architecture behavioral of entity xil_defaultlib.Mini_Cluster [mini_cluster_default]
Compiling architecture behavioral of entity xil_defaultlib.Mega_Cluster [mega_cluster_default]
Compiling architecture behavioral of entity xil_defaultlib.MegaCluster2 [megacluster2_default]
Compiling architecture behavioral of entity xil_defaultlib.MegaCluster3 [megacluster3_default]
Compiling architecture behavioral of entity xil_defaultlib.MegaCluster4 [megacluster4_default]
Compiling architecture behavioral of entity xil_defaultlib.Giga_Cluster [giga_cluster_default]
Compiling architecture behavioral of entity xil_defaultlib.giga_tb
Built simulation snapshot Giga_tb_behav
INFO: [USF-XSim-69] 'elaborate' step finished in '2' seconds
INFO: [USF-XSim-4] XSim::Simulate design
INFO: [USF-XSim-61] Executing 'SIMULATE' step in 'C:/Users/vamsi/OneDrive/Desktop/VHDL/Project2/Giga_Cluster/Giga_Cluster.sim/sim_1/behav/xsim'
INFO: [USF-XSim-98] *** Running xsim
   with args "Giga_tb_behav -key {Behavioral:sim_1:Functional:Giga_tb} -tclbatch {Giga_tb.tcl} -log {simulate.log}"
INFO: [USF-XSim-8] Loading simulator feature
Time resolution is 1 ps
source Giga_tb.tcl
# set curr_wave [current_wave_config]
# if { [string length $curr_wave] == 0 } {
#   if { [llength [get_objects]] > 0} {
#     add_wave /
#     set_property needs_save false [current_wave_config]
#   } else {
#      send_msg_id Add_Wave-1 WARNING "No top level signals found. Simulator will start without a wave window. If you want to open a wave window go to 'File->New Waveform Configuration' or type 'create_wave_config' in the TCL console."
#   }
# }
# run 1000ns
INFO: [USF-XSim-96] XSim completed. Design snapshot 'Giga_tb_behav' loaded.
INFO: [USF-XSim-97] XSim simulation ran for 1000ns
close_sim
INFO: [Simtcl 6-16] Simulation closed
close_design
synth_design -rtl -rtl_skip_mlo -name rtl_1
Command: synth_design -rtl -rtl_skip_mlo -name rtl_1
Starting synth_design
Using part: xazu3eg-sfvc784-1Q-q
Top: Giga_Cluster
INFO: [Synth 8-11241] undeclared symbol 'REGCCE', assumed default net type 'wire' [D:/Xilinx/Vivado/2022.2/data/verilog/src/unimacro/BRAM_SINGLE_MACRO.v:2170]
---------------------------------------------------------------------------------
Starting RTL Elaboration : Time (s): cpu = 00:00:02 ; elapsed = 00:00:04 . Memory (MB): peak = 3489.547 ; gain = 0.000
---------------------------------------------------------------------------------
INFO: [Synth 8-638] synthesizing module 'Giga_Cluster' [C:/Users/vamsi/OneDrive/Desktop/VHDL/Project2/Giga_Cluster/Giga_Cluster.srcs/sources_1/new/Giga_Cluster.vhd:43]
INFO: [Synth 8-638] synthesizing module 'Mega_Cluster' [C:/Users/vamsi/OneDrive/Desktop/VHDL/Project2/Giga_Cluster/Giga_Cluster.srcs/sources_1/imports/new/Mega_Cluster.vhd:42]
INFO: [Synth 8-638] synthesizing module 'Mini_Cluster' [C:/Users/vamsi/OneDrive/Desktop/VHDL/Project2/Giga_Cluster/Giga_Cluster.srcs/sources_1/imports/new/Cluster.vhd:47]
INFO: [Synth 8-638] synthesizing module 'CU' [C:/Users/vamsi/OneDrive/Desktop/VHDL/Project2/Giga_Cluster/Giga_Cluster.srcs/sources_1/imports/new/CU.vhd:48]
INFO: [Synth 8-638] synthesizing module 'D_flipflop' [C:/Users/vamsi/OneDrive/Desktop/VHDL/Project2/Giga_Cluster/Giga_Cluster.srcs/sources_1/imports/new/D_flipflop.vhd:41]
WARNING: [Synth 8-614] signal 'curr_val' is read in the process but is not in the sensitivity list [C:/Users/vamsi/OneDrive/Desktop/VHDL/Project2/Giga_Cluster/Giga_Cluster.srcs/sources_1/imports/new/D_flipflop.vhd:44]
INFO: [Synth 8-256] done synthesizing module 'D_flipflop' (0#1) [C:/Users/vamsi/OneDrive/Desktop/VHDL/Project2/Giga_Cluster/Giga_Cluster.srcs/sources_1/imports/new/D_flipflop.vhd:41]
INFO: [Synth 8-226] default block is never used [C:/Users/vamsi/OneDrive/Desktop/VHDL/Project2/Giga_Cluster/Giga_Cluster.srcs/sources_1/imports/new/CU.vhd:67]
INFO: [Synth 8-256] done synthesizing module 'CU' (0#1) [C:/Users/vamsi/OneDrive/Desktop/VHDL/Project2/Giga_Cluster/Giga_Cluster.srcs/sources_1/imports/new/CU.vhd:48]
INFO: [Synth 8-256] done synthesizing module 'Mini_Cluster' (0#1) [C:/Users/vamsi/OneDrive/Desktop/VHDL/Project2/Giga_Cluster/Giga_Cluster.srcs/sources_1/imports/new/Cluster.vhd:47]
INFO: [Synth 8-256] done synthesizing module 'Mega_Cluster' (0#1) [C:/Users/vamsi/OneDrive/Desktop/VHDL/Project2/Giga_Cluster/Giga_Cluster.srcs/sources_1/imports/new/Mega_Cluster.vhd:42]
INFO: [Synth 8-638] synthesizing module 'MegaCluster2' [C:/Users/vamsi/OneDrive/Desktop/VHDL/Project2/Giga_Cluster/Giga_Cluster.srcs/sources_1/imports/Project2/MegaCluster2/MegaCluster2.srcs/sources_1/new/MegaCluster2.vhd:42]
INFO: [Synth 8-256] done synthesizing module 'MegaCluster2' (0#1) [C:/Users/vamsi/OneDrive/Desktop/VHDL/Project2/Giga_Cluster/Giga_Cluster.srcs/sources_1/imports/Project2/MegaCluster2/MegaCluster2.srcs/sources_1/new/MegaCluster2.vhd:42]
INFO: [Synth 8-638] synthesizing module 'MegaCluster3' [C:/Users/vamsi/OneDrive/Desktop/VHDL/Project2/Giga_Cluster/Giga_Cluster.srcs/sources_1/imports/Project2/MegaCluster3/MegaCluster3.srcs/sources_1/new/MegaCluster3.vhd:42]
INFO: [Synth 8-256] done synthesizing module 'MegaCluster3' (0#1) [C:/Users/vamsi/OneDrive/Desktop/VHDL/Project2/Giga_Cluster/Giga_Cluster.srcs/sources_1/imports/Project2/MegaCluster3/MegaCluster3.srcs/sources_1/new/MegaCluster3.vhd:42]
INFO: [Synth 8-638] synthesizing module 'MegaCluster4' [C:/Users/vamsi/OneDrive/Desktop/VHDL/Project2/Giga_Cluster/Giga_Cluster.srcs/sources_1/imports/Project2/MEgaCluster4/MegaCluster4.srcs/sources_1/new/MegaCluster4.vhd:42]
INFO: [Synth 8-256] done synthesizing module 'MegaCluster4' (0#1) [C:/Users/vamsi/OneDrive/Desktop/VHDL/Project2/Giga_Cluster/Giga_Cluster.srcs/sources_1/imports/Project2/MEgaCluster4/MegaCluster4.srcs/sources_1/new/MegaCluster4.vhd:42]
INFO: [Synth 8-256] done synthesizing module 'Giga_Cluster' (0#1) [C:/Users/vamsi/OneDrive/Desktop/VHDL/Project2/Giga_Cluster/Giga_Cluster.srcs/sources_1/new/Giga_Cluster.vhd:43]
WARNING: [Synth 8-7129] Port C[2] in module CU is either unconnected or has no load
---------------------------------------------------------------------------------
Finished RTL Elaboration : Time (s): cpu = 00:00:03 ; elapsed = 00:00:05 . Memory (MB): peak = 3489.547 ; gain = 0.000
---------------------------------------------------------------------------------
---------------------------------------------------------------------------------
Start Handling Custom Attributes
---------------------------------------------------------------------------------
---------------------------------------------------------------------------------
Finished Handling Custom Attributes : Time (s): cpu = 00:00:03 ; elapsed = 00:00:05 . Memory (MB): peak = 3489.547 ; gain = 0.000
---------------------------------------------------------------------------------
---------------------------------------------------------------------------------
Finished RTL Optimization Phase 1 : Time (s): cpu = 00:00:03 ; elapsed = 00:00:05 . Memory (MB): peak = 3489.547 ; gain = 0.000
---------------------------------------------------------------------------------
Netlist sorting complete. Time (s): cpu = 00:00:00 ; elapsed = 00:00:00.026 . Memory (MB): peak = 3489.547 ; gain = 0.000
INFO: [Project 1-570] Preparing netlist for logic optimization

Processing XDC Constraints
Initializing timing engine
Completed Processing XDC Constraints

Netlist sorting complete. Time (s): cpu = 00:00:00 ; elapsed = 00:00:00 . Memory (MB): peak = 3489.547 ; gain = 0.000
INFO: [Project 1-111] Unisim Transformation Summary:
No Unisim elements were transformed.

RTL Elaboration Complete:  : Time (s): cpu = 00:00:05 ; elapsed = 00:00:07 . Memory (MB): peak = 3489.547 ; gain = 0.000
20 Infos, 2 Warnings, 0 Critical Warnings and 0 Errors encountered.
synth_design completed successfully
synth_design: Time (s): cpu = 00:00:05 ; elapsed = 00:00:07 . Memory (MB): peak = 3489.547 ; gain = 0.000
WARNING: [Board 49-26] cannot add Board Part xilinx.com:vek280_es:part0:1.0 available at D:/Xilinx/Vivado/2022.2/data/xhub/boards/XilinxBoardStore/boards/Xilinx/vek280/es/1.0/board.xml as part xcve2802-vsvh1760-2lp-e-s-es1 specified in board_part file is either invalid or not available
WARNING: [Board 49-26] cannot add Board Part xilinx.com:vhk158_es:part0:1.0 available at D:/Xilinx/Vivado/2022.2/data/xhub/boards/XilinxBoardStore/boards/Xilinx/vhk158/es/1.0/board.xml as part xcvh1582-vsva3697-2mp-e-s-es1 specified in board_part file is either invalid or not available
WARNING: [Board 49-26] cannot add Board Part xilinx.com:vpk120_es:part0:1.2 available at D:/Xilinx/Vivado/2022.2/data/xhub/boards/XilinxBoardStore/boards/Xilinx/vpk120/es/1.2/board.xml as part xcvp1202-vsva2785-2mp-e-s-es1 specified in board_part file is either invalid or not available
WARNING: [Board 49-26] cannot add Board Part xilinx.com:vpk120_es_revb:part0:1.0 available at D:/Xilinx/Vivado/2022.2/data/xhub/boards/XilinxBoardStore/boards/Xilinx/vpk120_revb/es/1.0/board.xml as part xcvp1202-vsva2785-2mp-e-s-es1 specified in board_part file is either invalid or not available
WARNING: [Board 49-26] cannot add Board Part xilinx.com:vpk180_es:part0:1.0 available at D:/Xilinx/Vivado/2022.2/data/xhub/boards/XilinxBoardStore/boards/Xilinx/vpk180/es/1.0/board.xml as part xcvp1802-lsvc4072-2mp-e-s-es1 specified in board_part file is either invalid or not available
WARNING: [Board 49-26] cannot add Board Part xilinx.com:zcu208ld:part0:2.0 available at D:/Xilinx/Vivado/2022.2/data/xhub/boards/XilinxBoardStore/boards/Xilinx/zcu208ld/production/2.0/board.xml as part xczu58dr-fsvg1517-2-i specified in board_part file is either invalid or not available
WARNING: [Board 49-26] cannot add Board Part xilinx.com:zcu216ld:part0:2.0 available at D:/Xilinx/Vivado/2022.2/data/xhub/boards/XilinxBoardStore/boards/Xilinx/zcu216ld/production/2.0/board.xml as part xczu59dr-ffvf1760-2-i specified in board_part file is either invalid or not available
WARNING: [Board 49-26] cannot add Board Part xilinx.com:zcu670:part0:2.0 available at D:/Xilinx/Vivado/2022.2/data/xhub/boards/XilinxBoardStore/boards/Xilinx/zcu670/2.0/board.xml as part xczu67dr-fsve1156-2-i specified in board_part file is either invalid or not available
WARNING: [Board 49-26] cannot add Board Part xilinx.com:zcu670ld:part0:1.0 available at D:/Xilinx/Vivado/2022.2/data/xhub/boards/XilinxBoardStore/boards/Xilinx/zcu670ld/1.0/board.xml as part xczu57dr-fsve1156-2-i specified in board_part file is either invalid or not available
WARNING: [Board 49-26] cannot add Board Part xilinx.com:vek280_es:part0:1.0 available at D:/Xilinx/Vivado/2022.2/data/xhub/boards/XilinxBoardStore/boards/Xilinx/vek280/es/1.0/board.xml as part xcve2802-vsvh1760-2lp-e-s-es1 specified in board_part file is either invalid or not available
WARNING: [Board 49-26] cannot add Board Part xilinx.com:vhk158_es:part0:1.0 available at D:/Xilinx/Vivado/2022.2/data/xhub/boards/XilinxBoardStore/boards/Xilinx/vhk158/es/1.0/board.xml as part xcvh1582-vsva3697-2mp-e-s-es1 specified in board_part file is either invalid or not available
WARNING: [Board 49-26] cannot add Board Part xilinx.com:vpk120_es:part0:1.2 available at D:/Xilinx/Vivado/2022.2/data/xhub/boards/XilinxBoardStore/boards/Xilinx/vpk120/es/1.2/board.xml as part xcvp1202-vsva2785-2mp-e-s-es1 specified in board_part file is either invalid or not available
WARNING: [Board 49-26] cannot add Board Part xilinx.com:vpk120_es_revb:part0:1.0 available at D:/Xilinx/Vivado/2022.2/data/xhub/boards/XilinxBoardStore/boards/Xilinx/vpk120_revb/es/1.0/board.xml as part xcvp1202-vsva2785-2mp-e-s-es1 specified in board_part file is either invalid or not available
WARNING: [Board 49-26] cannot add Board Part xilinx.com:vpk180_es:part0:1.0 available at D:/Xilinx/Vivado/2022.2/data/xhub/boards/XilinxBoardStore/boards/Xilinx/vpk180/es/1.0/board.xml as part xcvp1802-lsvc4072-2mp-e-s-es1 specified in board_part file is either invalid or not available
WARNING: [Board 49-26] cannot add Board Part xilinx.com:zcu208ld:part0:2.0 available at D:/Xilinx/Vivado/2022.2/data/xhub/boards/XilinxBoardStore/boards/Xilinx/zcu208ld/production/2.0/board.xml as part xczu58dr-fsvg1517-2-i specified in board_part file is either invalid or not available
WARNING: [Board 49-26] cannot add Board Part xilinx.com:zcu216ld:part0:2.0 available at D:/Xilinx/Vivado/2022.2/data/xhub/boards/XilinxBoardStore/boards/Xilinx/zcu216ld/production/2.0/board.xml as part xczu59dr-ffvf1760-2-i specified in board_part file is either invalid or not available
WARNING: [Board 49-26] cannot add Board Part xilinx.com:zcu670:part0:2.0 available at D:/Xilinx/Vivado/2022.2/data/xhub/boards/XilinxBoardStore/boards/Xilinx/zcu670/2.0/board.xml as part xczu67dr-fsve1156-2-i specified in board_part file is either invalid or not available
WARNING: [Board 49-26] cannot add Board Part xilinx.com:zcu670ld:part0:1.0 available at D:/Xilinx/Vivado/2022.2/data/xhub/boards/XilinxBoardStore/boards/Xilinx/zcu670ld/1.0/board.xml as part xczu57dr-fsve1156-2-i specified in board_part file is either invalid or not available
WARNING: [Board 49-26] cannot add Board Part xilinx.com:vek280_es:part0:1.0 available at D:/Xilinx/Vivado/2022.2/data/xhub/boards/XilinxBoardStore/boards/Xilinx/vek280/es/1.0/board.xml as part xcve2802-vsvh1760-2lp-e-s-es1 specified in board_part file is either invalid or not available
WARNING: [Board 49-26] cannot add Board Part xilinx.com:vhk158_es:part0:1.0 available at D:/Xilinx/Vivado/2022.2/data/xhub/boards/XilinxBoardStore/boards/Xilinx/vhk158/es/1.0/board.xml as part xcvh1582-vsva3697-2mp-e-s-es1 specified in board_part file is either invalid or not available
WARNING: [Board 49-26] cannot add Board Part xilinx.com:vpk120_es:part0:1.2 available at D:/Xilinx/Vivado/2022.2/data/xhub/boards/XilinxBoardStore/boards/Xilinx/vpk120/es/1.2/board.xml as part xcvp1202-vsva2785-2mp-e-s-es1 specified in board_part file is either invalid or not available
WARNING: [Board 49-26] cannot add Board Part xilinx.com:vpk120_es_revb:part0:1.0 available at D:/Xilinx/Vivado/2022.2/data/xhub/boards/XilinxBoardStore/boards/Xilinx/vpk120_revb/es/1.0/board.xml as part xcvp1202-vsva2785-2mp-e-s-es1 specified in board_part file is either invalid or not available
WARNING: [Board 49-26] cannot add Board Part xilinx.com:vpk180_es:part0:1.0 available at D:/Xilinx/Vivado/2022.2/data/xhub/boards/XilinxBoardStore/boards/Xilinx/vpk180/es/1.0/board.xml as part xcvp1802-lsvc4072-2mp-e-s-es1 specified in board_part file is either invalid or not available
WARNING: [Board 49-26] cannot add Board Part xilinx.com:zcu208ld:part0:2.0 available at D:/Xilinx/Vivado/2022.2/data/xhub/boards/XilinxBoardStore/boards/Xilinx/zcu208ld/production/2.0/board.xml as part xczu58dr-fsvg1517-2-i specified in board_part file is either invalid or not available
WARNING: [Board 49-26] cannot add Board Part xilinx.com:zcu216ld:part0:2.0 available at D:/Xilinx/Vivado/2022.2/data/xhub/boards/XilinxBoardStore/boards/Xilinx/zcu216ld/production/2.0/board.xml as part xczu59dr-ffvf1760-2-i specified in board_part file is either invalid or not available
WARNING: [Board 49-26] cannot add Board Part xilinx.com:zcu670:part0:2.0 available at D:/Xilinx/Vivado/2022.2/data/xhub/boards/XilinxBoardStore/boards/Xilinx/zcu670/2.0/board.xml as part xczu67dr-fsve1156-2-i specified in board_part file is either invalid or not available
WARNING: [Board 49-26] cannot add Board Part xilinx.com:zcu670ld:part0:1.0 available at D:/Xilinx/Vivado/2022.2/data/xhub/boards/XilinxBoardStore/boards/Xilinx/zcu670ld/1.0/board.xml as part xczu57dr-fsve1156-2-i specified in board_part file is either invalid or not available
WARNING: [filemgmt 56-199] Attempt to get parsing info during refresh. "On-the-fly" syntax checking information may be incorrect. [C:\Users\vamsi\OneDrive\Desktop\VHDL\Project2\Giga_Cluster\Giga_Cluster.srcs\sources_1\imports\Project2\MEgaCluster4\MegaCluster4.srcs\sources_1\new\MegaCluster4.vhd:]
WARNING: [filemgmt 56-199] Attempt to get parsing info during refresh. "On-the-fly" syntax checking information may be incorrect. [C:\Users\vamsi\OneDrive\Desktop\VHDL\Project2\Giga_Cluster\Giga_Cluster.srcs\sources_1\new\Giga_Cluster.vhd:]
WARNING: [filemgmt 56-199] Attempt to get parsing info during refresh. "On-the-fly" syntax checking information may be incorrect. [C:\Users\vamsi\OneDrive\Desktop\VHDL\Project2\Giga_Cluster\Giga_Cluster.srcs\sources_1\imports\new\Cluster.vhd:]
WARNING: [filemgmt 56-199] Attempt to get parsing info during refresh. "On-the-fly" syntax checking information may be incorrect. [C:\Users\vamsi\OneDrive\Desktop\VHDL\Project2\Giga_Cluster\Giga_Cluster.srcs\sim_1\new\Giga_tb.vhd:]
WARNING: [filemgmt 56-199] Attempt to get parsing info during refresh. "On-the-fly" syntax checking information may be incorrect. [C:\Users\vamsi\OneDrive\Desktop\VHDL\Project2\Giga_Cluster\Giga_Cluster.srcs\sources_1\imports\new\CU.vhd:]
WARNING: [filemgmt 56-199] Attempt to get parsing info during refresh. "On-the-fly" syntax checking information may be incorrect. [C:\Users\vamsi\OneDrive\Desktop\VHDL\Project2\Giga_Cluster\Giga_Cluster.srcs\sources_1\imports\new\Mega_Cluster.vhd:]
WARNING: [filemgmt 56-199] Attempt to get parsing info during refresh. "On-the-fly" syntax checking information may be incorrect. [C:\Users\vamsi\OneDrive\Desktop\VHDL\Project2\Giga_Cluster\Giga_Cluster.srcs\sources_1\imports\Project2\MegaCluster3\MegaCluster3.srcs\sources_1\new\MegaCluster3.vhd:]
WARNING: [filemgmt 56-199] Attempt to get parsing info during refresh. "On-the-fly" syntax checking information may be incorrect. [C:\Users\vamsi\OneDrive\Desktop\VHDL\Project2\Giga_Cluster\Giga_Cluster.srcs\sources_1\imports\Project2\MegaCluster2\MegaCluster2.srcs\sources_1\new\MegaCluster2.vhd:]
WARNING: [filemgmt 56-199] Attempt to get parsing info during refresh. "On-the-fly" syntax checking information may be incorrect. [C:\Users\vamsi\OneDrive\Desktop\VHDL\Project2\Giga_Cluster\Giga_Cluster.srcs\sources_1\imports\new\D_flipflop.vhd:]
WARNING: [filemgmt 56-199] Attempt to get parsing info during refresh. "On-the-fly" syntax checking information may be incorrect. [C:\Users\vamsi\OneDrive\Desktop\VHDL\Project2\Giga_Cluster\Giga_Cluster.srcs\sources_1\imports\Project2\MEgaCluster4\MegaCluster4.srcs\sources_1\new\MegaCluster4.vhd:]
WARNING: [filemgmt 56-199] Attempt to get parsing info during refresh. "On-the-fly" syntax checking information may be incorrect. [C:\Users\vamsi\OneDrive\Desktop\VHDL\Project2\Giga_Cluster\Giga_Cluster.srcs\sources_1\new\Giga_Cluster.vhd:]
WARNING: [filemgmt 56-199] Attempt to get parsing info during refresh. "On-the-fly" syntax checking information may be incorrect. [C:\Users\vamsi\OneDrive\Desktop\VHDL\Project2\Giga_Cluster\Giga_Cluster.srcs\sources_1\imports\new\Cluster.vhd:]
WARNING: [filemgmt 56-199] Attempt to get parsing info during refresh. "On-the-fly" syntax checking information may be incorrect. [C:\Users\vamsi\OneDrive\Desktop\VHDL\Project2\Giga_Cluster\Giga_Cluster.srcs\sim_1\new\Giga_tb.vhd:]
WARNING: [filemgmt 56-199] Attempt to get parsing info during refresh. "On-the-fly" syntax checking information may be incorrect. [C:\Users\vamsi\OneDrive\Desktop\VHDL\Project2\Giga_Cluster\Giga_Cluster.srcs\sources_1\imports\new\CU.vhd:]
WARNING: [filemgmt 56-199] Attempt to get parsing info during refresh. "On-the-fly" syntax checking information may be incorrect. [C:\Users\vamsi\OneDrive\Desktop\VHDL\Project2\Giga_Cluster\Giga_Cluster.srcs\sources_1\imports\new\Mega_Cluster.vhd:]
WARNING: [filemgmt 56-199] Attempt to get parsing info during refresh. "On-the-fly" syntax checking information may be incorrect. [C:\Users\vamsi\OneDrive\Desktop\VHDL\Project2\Giga_Cluster\Giga_Cluster.srcs\sources_1\imports\Project2\MegaCluster3\MegaCluster3.srcs\sources_1\new\MegaCluster3.vhd:]
WARNING: [filemgmt 56-199] Attempt to get parsing info during refresh. "On-the-fly" syntax checking information may be incorrect. [C:\Users\vamsi\OneDrive\Desktop\VHDL\Project2\Giga_Cluster\Giga_Cluster.srcs\sources_1\imports\Project2\MegaCluster2\MegaCluster2.srcs\sources_1\new\MegaCluster2.vhd:]
WARNING: [filemgmt 56-199] Attempt to get parsing info during refresh. "On-the-fly" syntax checking information may be incorrect. [C:\Users\vamsi\OneDrive\Desktop\VHDL\Project2\Giga_Cluster\Giga_Cluster.srcs\sources_1\imports\new\D_flipflop.vhd:]
WARNING: [filemgmt 56-199] Attempt to get parsing info during refresh. "On-the-fly" syntax checking information may be incorrect. [C:\Users\vamsi\OneDrive\Desktop\VHDL\Project2\Giga_Cluster\Giga_Cluster.srcs\sources_1\imports\Project2\MEgaCluster4\MegaCluster4.srcs\sources_1\new\MegaCluster4.vhd:]
WARNING: [filemgmt 56-199] Attempt to get parsing info during refresh. "On-the-fly" syntax checking information may be incorrect. [C:\Users\vamsi\OneDrive\Desktop\VHDL\Project2\Giga_Cluster\Giga_Cluster.srcs\sources_1\new\Giga_Cluster.vhd:]
WARNING: [filemgmt 56-199] Attempt to get parsing info during refresh. "On-the-fly" syntax checking information may be incorrect. [C:\Users\vamsi\OneDrive\Desktop\VHDL\Project2\Giga_Cluster\Giga_Cluster.srcs\sources_1\imports\new\Cluster.vhd:]
WARNING: [filemgmt 56-199] Attempt to get parsing info during refresh. "On-the-fly" syntax checking information may be incorrect. [C:\Users\vamsi\OneDrive\Desktop\VHDL\Project2\Giga_Cluster\Giga_Cluster.srcs\sim_1\new\Giga_tb.vhd:]
WARNING: [filemgmt 56-199] Attempt to get parsing info during refresh. "On-the-fly" syntax checking information may be incorrect. [C:\Users\vamsi\OneDrive\Desktop\VHDL\Project2\Giga_Cluster\Giga_Cluster.srcs\sources_1\imports\new\CU.vhd:]
WARNING: [filemgmt 56-199] Attempt to get parsing info during refresh. "On-the-fly" syntax checking information may be incorrect. [C:\Users\vamsi\OneDrive\Desktop\VHDL\Project2\Giga_Cluster\Giga_Cluster.srcs\sources_1\imports\new\Mega_Cluster.vhd:]
WARNING: [filemgmt 56-199] Attempt to get parsing info during refresh. "On-the-fly" syntax checking information may be incorrect. [C:\Users\vamsi\OneDrive\Desktop\VHDL\Project2\Giga_Cluster\Giga_Cluster.srcs\sources_1\imports\Project2\MegaCluster3\MegaCluster3.srcs\sources_1\new\MegaCluster3.vhd:]
WARNING: [filemgmt 56-199] Attempt to get parsing info during refresh. "On-the-fly" syntax checking information may be incorrect. [C:\Users\vamsi\OneDrive\Desktop\VHDL\Project2\Giga_Cluster\Giga_Cluster.srcs\sources_1\imports\Project2\MegaCluster2\MegaCluster2.srcs\sources_1\new\MegaCluster2.vhd:]
WARNING: [filemgmt 56-199] Attempt to get parsing info during refresh. "On-the-fly" syntax checking information may be incorrect. [C:\Users\vamsi\OneDrive\Desktop\VHDL\Project2\Giga_Cluster\Giga_Cluster.srcs\sources_1\imports\new\D_flipflop.vhd:]
WARNING: [filemgmt 56-199] Attempt to get parsing info during refresh. "On-the-fly" syntax checking information may be incorrect. [C:\Users\vamsi\OneDrive\Desktop\VHDL\Project2\Giga_Cluster\Giga_Cluster.srcs\sources_1\imports\Project2\MEgaCluster4\MegaCluster4.srcs\sources_1\new\MegaCluster4.vhd:]
WARNING: [filemgmt 56-199] Attempt to get parsing info during refresh. "On-the-fly" syntax checking information may be incorrect. [C:\Users\vamsi\OneDrive\Desktop\VHDL\Project2\Giga_Cluster\Giga_Cluster.srcs\sources_1\new\Giga_Cluster.vhd:]
WARNING: [filemgmt 56-199] Attempt to get parsing info during refresh. "On-the-fly" syntax checking information may be incorrect. [C:\Users\vamsi\OneDrive\Desktop\VHDL\Project2\Giga_Cluster\Giga_Cluster.srcs\sources_1\imports\new\Cluster.vhd:]
WARNING: [filemgmt 56-199] Attempt to get parsing info during refresh. "On-the-fly" syntax checking information may be incorrect. [C:\Users\vamsi\OneDrive\Desktop\VHDL\Project2\Giga_Cluster\Giga_Cluster.srcs\sim_1\new\Giga_tb.vhd:]
WARNING: [filemgmt 56-199] Attempt to get parsing info during refresh. "On-the-fly" syntax checking information may be incorrect. [C:\Users\vamsi\OneDrive\Desktop\VHDL\Project2\Giga_Cluster\Giga_Cluster.srcs\sources_1\imports\new\CU.vhd:]
WARNING: [filemgmt 56-199] Attempt to get parsing info during refresh. "On-the-fly" syntax checking information may be incorrect. [C:\Users\vamsi\OneDrive\Desktop\VHDL\Project2\Giga_Cluster\Giga_Cluster.srcs\sources_1\imports\new\Mega_Cluster.vhd:]
WARNING: [filemgmt 56-199] Attempt to get parsing info during refresh. "On-the-fly" syntax checking information may be incorrect. [C:\Users\vamsi\OneDrive\Desktop\VHDL\Project2\Giga_Cluster\Giga_Cluster.srcs\sources_1\imports\Project2\MegaCluster3\MegaCluster3.srcs\sources_1\new\MegaCluster3.vhd:]
WARNING: [filemgmt 56-199] Attempt to get parsing info during refresh. "On-the-fly" syntax checking information may be incorrect. [C:\Users\vamsi\OneDrive\Desktop\VHDL\Project2\Giga_Cluster\Giga_Cluster.srcs\sources_1\imports\Project2\MegaCluster2\MegaCluster2.srcs\sources_1\new\MegaCluster2.vhd:]
WARNING: [filemgmt 56-199] Attempt to get parsing info during refresh. "On-the-fly" syntax checking information may be incorrect. [C:\Users\vamsi\OneDrive\Desktop\VHDL\Project2\Giga_Cluster\Giga_Cluster.srcs\sources_1\imports\new\D_flipflop.vhd:]
WARNING: [filemgmt 56-199] Attempt to get parsing info during refresh. "On-the-fly" syntax checking information may be incorrect. [C:\Users\vamsi\OneDrive\Desktop\VHDL\Project2\Giga_Cluster\Giga_Cluster.srcs\sources_1\imports\Project2\MEgaCluster4\MegaCluster4.srcs\sources_1\new\MegaCluster4.vhd:]
WARNING: [filemgmt 56-199] Attempt to get parsing info during refresh. "On-the-fly" syntax checking information may be incorrect. [C:\Users\vamsi\OneDrive\Desktop\VHDL\Project2\Giga_Cluster\Giga_Cluster.srcs\sources_1\new\Giga_Cluster.vhd:]
WARNING: [filemgmt 56-199] Attempt to get parsing info during refresh. "On-the-fly" syntax checking information may be incorrect. [C:\Users\vamsi\OneDrive\Desktop\VHDL\Project2\Giga_Cluster\Giga_Cluster.srcs\sources_1\imports\new\Cluster.vhd:]
WARNING: [filemgmt 56-199] Attempt to get parsing info during refresh. "On-the-fly" syntax checking information may be incorrect. [C:\Users\vamsi\OneDrive\Desktop\VHDL\Project2\Giga_Cluster\Giga_Cluster.srcs\sim_1\new\Giga_tb.vhd:]
WARNING: [filemgmt 56-199] Attempt to get parsing info during refresh. "On-the-fly" syntax checking information may be incorrect. [C:\Users\vamsi\OneDrive\Desktop\VHDL\Project2\Giga_Cluster\Giga_Cluster.srcs\sources_1\imports\new\CU.vhd:]
WARNING: [filemgmt 56-199] Attempt to get parsing info during refresh. "On-the-fly" syntax checking information may be incorrect. [C:\Users\vamsi\OneDrive\Desktop\VHDL\Project2\Giga_Cluster\Giga_Cluster.srcs\sources_1\imports\new\Mega_Cluster.vhd:]
WARNING: [filemgmt 56-199] Attempt to get parsing info during refresh. "On-the-fly" syntax checking information may be incorrect. [C:\Users\vamsi\OneDrive\Desktop\VHDL\Project2\Giga_Cluster\Giga_Cluster.srcs\sources_1\imports\Project2\MegaCluster3\MegaCluster3.srcs\sources_1\new\MegaCluster3.vhd:]
WARNING: [filemgmt 56-199] Attempt to get parsing info during refresh. "On-the-fly" syntax checking information may be incorrect. [C:\Users\vamsi\OneDrive\Desktop\VHDL\Project2\Giga_Cluster\Giga_Cluster.srcs\sources_1\imports\Project2\MegaCluster2\MegaCluster2.srcs\sources_1\new\MegaCluster2.vhd:]
WARNING: [filemgmt 56-199] Attempt to get parsing info during refresh. "On-the-fly" syntax checking information may be incorrect. [C:\Users\vamsi\OneDrive\Desktop\VHDL\Project2\Giga_Cluster\Giga_Cluster.srcs\sources_1\imports\new\D_flipflop.vhd:]
WARNING: [filemgmt 56-199] Attempt to get parsing info during refresh. "On-the-fly" syntax checking information may be incorrect. [C:\Users\vamsi\OneDrive\Desktop\VHDL\Project2\Giga_Cluster\Giga_Cluster.srcs\sources_1\imports\Project2\MEgaCluster4\MegaCluster4.srcs\sources_1\new\MegaCluster4.vhd:]
WARNING: [filemgmt 56-199] Attempt to get parsing info during refresh. "On-the-fly" syntax checking information may be incorrect. [C:\Users\vamsi\OneDrive\Desktop\VHDL\Project2\Giga_Cluster\Giga_Cluster.srcs\sources_1\new\Giga_Cluster.vhd:]
WARNING: [filemgmt 56-199] Attempt to get parsing info during refresh. "On-the-fly" syntax checking information may be incorrect. [C:\Users\vamsi\OneDrive\Desktop\VHDL\Project2\Giga_Cluster\Giga_Cluster.srcs\sources_1\imports\new\Cluster.vhd:]
WARNING: [filemgmt 56-199] Attempt to get parsing info during refresh. "On-the-fly" syntax checking information may be incorrect. [C:\Users\vamsi\OneDrive\Desktop\VHDL\Project2\Giga_Cluster\Giga_Cluster.srcs\sim_1\new\Giga_tb.vhd:]
WARNING: [filemgmt 56-199] Attempt to get parsing info during refresh. "On-the-fly" syntax checking information may be incorrect. [C:\Users\vamsi\OneDrive\Desktop\VHDL\Project2\Giga_Cluster\Giga_Cluster.srcs\sources_1\imports\new\CU.vhd:]
WARNING: [filemgmt 56-199] Attempt to get parsing info during refresh. "On-the-fly" syntax checking information may be incorrect. [C:\Users\vamsi\OneDrive\Desktop\VHDL\Project2\Giga_Cluster\Giga_Cluster.srcs\sources_1\imports\new\Mega_Cluster.vhd:]
WARNING: [filemgmt 56-199] Attempt to get parsing info during refresh. "On-the-fly" syntax checking information may be incorrect. [C:\Users\vamsi\OneDrive\Desktop\VHDL\Project2\Giga_Cluster\Giga_Cluster.srcs\sources_1\imports\Project2\MegaCluster3\MegaCluster3.srcs\sources_1\new\MegaCluster3.vhd:]
WARNING: [filemgmt 56-199] Attempt to get parsing info during refresh. "On-the-fly" syntax checking information may be incorrect. [C:\Users\vamsi\OneDrive\Desktop\VHDL\Project2\Giga_Cluster\Giga_Cluster.srcs\sources_1\imports\Project2\MegaCluster2\MegaCluster2.srcs\sources_1\new\MegaCluster2.vhd:]
WARNING: [filemgmt 56-199] Attempt to get parsing info during refresh. "On-the-fly" syntax checking information may be incorrect. [C:\Users\vamsi\OneDrive\Desktop\VHDL\Project2\Giga_Cluster\Giga_Cluster.srcs\sources_1\imports\new\D_flipflop.vhd:]
WARNING: [filemgmt 56-199] Attempt to get parsing info during refresh. "On-the-fly" syntax checking information may be incorrect. [C:\Users\vamsi\OneDrive\Desktop\VHDL\Project2\Giga_Cluster\Giga_Cluster.srcs\sources_1\imports\Project2\MEgaCluster4\MegaCluster4.srcs\sources_1\new\MegaCluster4.vhd:]
WARNING: [filemgmt 56-199] Attempt to get parsing info during refresh. "On-the-fly" syntax checking information may be incorrect. [C:\Users\vamsi\OneDrive\Desktop\VHDL\Project2\Giga_Cluster\Giga_Cluster.srcs\sources_1\new\Giga_Cluster.vhd:]
WARNING: [filemgmt 56-199] Attempt to get parsing info during refresh. "On-the-fly" syntax checking information may be incorrect. [C:\Users\vamsi\OneDrive\Desktop\VHDL\Project2\Giga_Cluster\Giga_Cluster.srcs\sources_1\imports\new\Cluster.vhd:]
WARNING: [filemgmt 56-199] Attempt to get parsing info during refresh. "On-the-fly" syntax checking information may be incorrect. [C:\Users\vamsi\OneDrive\Desktop\VHDL\Project2\Giga_Cluster\Giga_Cluster.srcs\sim_1\new\Giga_tb.vhd:]
WARNING: [filemgmt 56-199] Attempt to get parsing info during refresh. "On-the-fly" syntax checking information may be incorrect. [C:\Users\vamsi\OneDrive\Desktop\VHDL\Project2\Giga_Cluster\Giga_Cluster.srcs\sources_1\imports\new\CU.vhd:]
WARNING: [filemgmt 56-199] Attempt to get parsing info during refresh. "On-the-fly" syntax checking information may be incorrect. [C:\Users\vamsi\OneDrive\Desktop\VHDL\Project2\Giga_Cluster\Giga_Cluster.srcs\sources_1\imports\new\Mega_Cluster.vhd:]
WARNING: [filemgmt 56-199] Attempt to get parsing info during refresh. "On-the-fly" syntax checking information may be incorrect. [C:\Users\vamsi\OneDrive\Desktop\VHDL\Project2\Giga_Cluster\Giga_Cluster.srcs\sources_1\imports\Project2\MegaCluster3\MegaCluster3.srcs\sources_1\new\MegaCluster3.vhd:]
WARNING: [filemgmt 56-199] Attempt to get parsing info during refresh. "On-the-fly" syntax checking information may be incorrect. [C:\Users\vamsi\OneDrive\Desktop\VHDL\Project2\Giga_Cluster\Giga_Cluster.srcs\sources_1\imports\Project2\MegaCluster2\MegaCluster2.srcs\sources_1\new\MegaCluster2.vhd:]
WARNING: [filemgmt 56-199] Attempt to get parsing info during refresh. "On-the-fly" syntax checking information may be incorrect. [C:\Users\vamsi\OneDrive\Desktop\VHDL\Project2\Giga_Cluster\Giga_Cluster.srcs\sources_1\imports\new\D_flipflop.vhd:]
WARNING: [filemgmt 56-199] Attempt to get parsing info during refresh. "On-the-fly" syntax checking information may be incorrect. [C:\Users\vamsi\OneDrive\Desktop\VHDL\Project2\Giga_Cluster\Giga_Cluster.srcs\sources_1\imports\Project2\MEgaCluster4\MegaCluster4.srcs\sources_1\new\MegaCluster4.vhd:]
WARNING: [filemgmt 56-199] Attempt to get parsing info during refresh. "On-the-fly" syntax checking information may be incorrect. [C:\Users\vamsi\OneDrive\Desktop\VHDL\Project2\Giga_Cluster\Giga_Cluster.srcs\sources_1\new\Giga_Cluster.vhd:]
WARNING: [filemgmt 56-199] Attempt to get parsing info during refresh. "On-the-fly" syntax checking information may be incorrect. [C:\Users\vamsi\OneDrive\Desktop\VHDL\Project2\Giga_Cluster\Giga_Cluster.srcs\sources_1\imports\new\Cluster.vhd:]
WARNING: [filemgmt 56-199] Attempt to get parsing info during refresh. "On-the-fly" syntax checking information may be incorrect. [C:\Users\vamsi\OneDrive\Desktop\VHDL\Project2\Giga_Cluster\Giga_Cluster.srcs\sim_1\new\Giga_tb.vhd:]
WARNING: [filemgmt 56-199] Attempt to get parsing info during refresh. "On-the-fly" syntax checking information may be incorrect. [C:\Users\vamsi\OneDrive\Desktop\VHDL\Project2\Giga_Cluster\Giga_Cluster.srcs\sources_1\imports\new\CU.vhd:]
WARNING: [filemgmt 56-199] Attempt to get parsing info during refresh. "On-the-fly" syntax checking information may be incorrect. [C:\Users\vamsi\OneDrive\Desktop\VHDL\Project2\Giga_Cluster\Giga_Cluster.srcs\sources_1\imports\new\Mega_Cluster.vhd:]
WARNING: [filemgmt 56-199] Attempt to get parsing info during refresh. "On-the-fly" syntax checking information may be incorrect. [C:\Users\vamsi\OneDrive\Desktop\VHDL\Project2\Giga_Cluster\Giga_Cluster.srcs\sources_1\imports\Project2\MegaCluster3\MegaCluster3.srcs\sources_1\new\MegaCluster3.vhd:]
WARNING: [filemgmt 56-199] Attempt to get parsing info during refresh. "On-the-fly" syntax checking information may be incorrect. [C:\Users\vamsi\OneDrive\Desktop\VHDL\Project2\Giga_Cluster\Giga_Cluster.srcs\sources_1\imports\Project2\MegaCluster2\MegaCluster2.srcs\sources_1\new\MegaCluster2.vhd:]
WARNING: [filemgmt 56-199] Attempt to get parsing info during refresh. "On-the-fly" syntax checking information may be incorrect. [C:\Users\vamsi\OneDrive\Desktop\VHDL\Project2\Giga_Cluster\Giga_Cluster.srcs\sources_1\imports\new\D_flipflop.vhd:]
ERROR: [Common 17-180] Spawn failed: No error
reset_run synth_1
INFO: [Project 1-1161] Replacing file C:/Users/vamsi/OneDrive/Desktop/VHDL/Project2/Giga_Cluster/Giga_Cluster.srcs/utils_1/imports/synth_1/Giga_Cluster.dcp with file C:/Users/vamsi/OneDrive/Desktop/VHDL/Project2/Giga_Cluster/Giga_Cluster.runs/synth_1/Giga_Cluster.dcp
launch_runs synth_1 -jobs 6
[Sat May  6 17:00:50 2023] Launched synth_1...
Run output will be captured here: C:/Users/vamsi/OneDrive/Desktop/VHDL/Project2/Giga_Cluster/Giga_Cluster.runs/synth_1/runme.log
exit
INFO: [Common 17-206] Exiting Vivado at Sat May  6 17:20:10 2023...
