#-----------------------------------------------------------
# Vivado v2022.2 (64-bit)
# SW Build 3671981 on Fri Oct 14 05:00:03 MDT 2022
# IP Build 3669848 on Fri Oct 14 08:30:02 MDT 2022
# Start of session at: Sat May  6 02:12:44 2023
# Process ID: 14820
# Current directory: C:/Users/vamsi/OneDrive/Desktop/VHDL/Project2/MegaCluster2
# Command line: vivado.exe -gui_launcher_event rodinguilauncherevent42120 C:\Users\vamsi\OneDrive\Desktop\VHDL\Project2\MegaCluster2\MegaCluster2.xpr
# Log file: C:/Users/vamsi/OneDrive/Desktop/VHDL/Project2/MegaCluster2/vivado.log
# Journal file: C:/Users/vamsi/OneDrive/Desktop/VHDL/Project2/MegaCluster2\vivado.jou
# Running On: Vamsi, OS: Windows, CPU Frequency: 2611 MHz, CPU Physical cores: 10, Host memory: 16832 MB
#-----------------------------------------------------------
start_gui
open_project C:/Users/vamsi/OneDrive/Desktop/VHDL/Project2/MegaCluster2/MegaCluster2.xpr
WARNING: [Board 49-26] cannot add Board Part xilinx.com:vek280_es:part0:1.0 available at D:/Xilinx/Vivado/2022.2/data/xhub/boards/XilinxBoardStore/boards/Xilinx/vek280/es/1.0/board.xml as part xcve2802-vsvh1760-2lp-e-s-es1 specified in board_part file is either invalid or not available
WARNING: [Board 49-26] cannot add Board Part xilinx.com:vhk158_es:part0:1.0 available at D:/Xilinx/Vivado/2022.2/data/xhub/boards/XilinxBoardStore/boards/Xilinx/vhk158/es/1.0/board.xml as part xcvh1582-vsva3697-2mp-e-s-es1 specified in board_part file is either invalid or not available
WARNING: [Board 49-26] cannot add Board Part xilinx.com:vpk120_es:part0:1.2 available at D:/Xilinx/Vivado/2022.2/data/xhub/boards/XilinxBoardStore/boards/Xilinx/vpk120/es/1.2/board.xml as part xcvp1202-vsva2785-2mp-e-s-es1 specified in board_part file is either invalid or not available
WARNING: [Board 49-26] cannot add Board Part xilinx.com:vpk120_es_revb:part0:1.0 available at D:/Xilinx/Vivado/2022.2/data/xhub/boards/XilinxBoardStore/boards/Xilinx/vpk120_revb/es/1.0/board.xml as part xcvp1202-vsva2785-2mp-e-s-es1 specified in board_part file is either invalid or not available
WARNING: [Board 49-26] cannot add Board Part xilinx.com:vpk180_es:part0:1.0 available at D:/Xilinx/Vivado/2022.2/data/xhub/boards/XilinxBoardStore/boards/Xilinx/vpk180/es/1.0/board.xml as part xcvp1802-lsvc4072-2mp-e-s-es1 specified in board_part file is either invalid or not available
WARNING: [Board 49-26] cannot add Board Part xilinx.com:zcu208ld:part0:2.0 available at D:/Xilinx/Vivado/2022.2/data/xhub/boards/XilinxBoardStore/boards/Xilinx/zcu208ld/production/2.0/board.xml as part xczu58dr-fsvg1517-2-i specified in board_part file is either invalid or not available
WARNING: [Board 49-26] cannot add Board Part xilinx.com:zcu216ld:part0:2.0 available at D:/Xilinx/Vivado/2022.2/data/xhub/boards/XilinxBoardStore/boards/Xilinx/zcu216ld/production/2.0/board.xml as part xczu59dr-ffvf1760-2-i specified in board_part file is either invalid or not available
WARNING: [Board 49-26] cannot add Board Part xilinx.com:zcu670:part0:2.0 available at D:/Xilinx/Vivado/2022.2/data/xhub/boards/XilinxBoardStore/boards/Xilinx/zcu670/2.0/board.xml as part xczu67dr-fsve1156-2-i specified in board_part file is either invalid or not available
WARNING: [Board 49-26] cannot add Board Part xilinx.com:zcu670ld:part0:1.0 available at D:/Xilinx/Vivado/2022.2/data/xhub/boards/XilinxBoardStore/boards/Xilinx/zcu670ld/1.0/board.xml as part xczu57dr-fsve1156-2-i specified in board_part file is either invalid or not available
INFO: [filemgmt 56-3] Default IP Output Path : Could not find the directory 'C:/Users/vamsi/OneDrive/Desktop/VHDL/Project2/MegaCluster2/MegaCluster2.gen/sources_1'.
Scanning sources...
Finished scanning sources
INFO: [IP_Flow 19-234] Refreshing IP repositories
INFO: [IP_Flow 19-1704] No user IP repositories specified
INFO: [IP_Flow 19-2313] Loaded Vivado IP repository 'D:/Xilinx/Vivado/2022.2/data/ip'.
open_project: Time (s): cpu = 00:00:13 ; elapsed = 00:00:09 . Memory (MB): peak = 1715.910 ; gain = 275.824
update_compile_order -fileset sources_1
synth_design -rtl -rtl_skip_mlo -name rtl_1
Command: synth_design -rtl -rtl_skip_mlo -name rtl_1
Starting synth_design
Using part: xc7vx485tffg1157-1
Top: MegaCluster2
INFO: [Device 21-403] Loading part xc7vx485tffg1157-1
INFO: [Synth 8-11241] undeclared symbol 'REGCCE', assumed default net type 'wire' [D:/Xilinx/Vivado/2022.2/data/verilog/src/unimacro/BRAM_SINGLE_MACRO.v:2170]
---------------------------------------------------------------------------------
Starting RTL Elaboration : Time (s): cpu = 00:00:04 ; elapsed = 00:00:05 . Memory (MB): peak = 2664.848 ; gain = 411.973
---------------------------------------------------------------------------------
INFO: [Synth 8-638] synthesizing module 'MegaCluster2' [C:/Users/vamsi/OneDrive/Desktop/VHDL/Project2/MegaCluster2/MegaCluster2.srcs/sources_1/new/MegaCluster2.vhd:42]
INFO: [Synth 8-638] synthesizing module 'Mini_Cluster' [C:/Users/vamsi/OneDrive/Desktop/VHDL/Project2/MegaCluster2/MegaCluster2.srcs/sources_1/imports/new/Cluster.vhd:47]
INFO: [Synth 8-638] synthesizing module 'CU' [C:/Users/vamsi/OneDrive/Desktop/VHDL/Project2/MegaCluster2/MegaCluster2.srcs/sources_1/imports/new/CU.vhd:48]
INFO: [Synth 8-638] synthesizing module 'D_flipflop' [C:/Users/vamsi/OneDrive/Desktop/VHDL/Project2/MegaCluster2/MegaCluster2.srcs/sources_1/imports/new/D_flipflop.vhd:41]
WARNING: [Synth 8-614] signal 'curr_val' is read in the process but is not in the sensitivity list [C:/Users/vamsi/OneDrive/Desktop/VHDL/Project2/MegaCluster2/MegaCluster2.srcs/sources_1/imports/new/D_flipflop.vhd:44]
INFO: [Synth 8-256] done synthesizing module 'D_flipflop' (0#1) [C:/Users/vamsi/OneDrive/Desktop/VHDL/Project2/MegaCluster2/MegaCluster2.srcs/sources_1/imports/new/D_flipflop.vhd:41]
INFO: [Synth 8-226] default block is never used [C:/Users/vamsi/OneDrive/Desktop/VHDL/Project2/MegaCluster2/MegaCluster2.srcs/sources_1/imports/new/CU.vhd:66]
INFO: [Synth 8-256] done synthesizing module 'CU' (0#1) [C:/Users/vamsi/OneDrive/Desktop/VHDL/Project2/MegaCluster2/MegaCluster2.srcs/sources_1/imports/new/CU.vhd:48]
INFO: [Synth 8-256] done synthesizing module 'Mini_Cluster' (0#1) [C:/Users/vamsi/OneDrive/Desktop/VHDL/Project2/MegaCluster2/MegaCluster2.srcs/sources_1/imports/new/Cluster.vhd:47]
INFO: [Synth 8-256] done synthesizing module 'MegaCluster2' (0#1) [C:/Users/vamsi/OneDrive/Desktop/VHDL/Project2/MegaCluster2/MegaCluster2.srcs/sources_1/new/MegaCluster2.vhd:42]
WARNING: [Synth 8-3917] design MegaCluster2 has port OUTPUT[39] driven by constant 0
WARNING: [Synth 8-3917] design MegaCluster2 has port OUTPUT[38] driven by constant 0
WARNING: [Synth 8-3917] design MegaCluster2 has port OUTPUT[37] driven by constant 0
WARNING: [Synth 8-3917] design MegaCluster2 has port OUTPUT[36] driven by constant 1
WARNING: [Synth 8-3917] design MegaCluster2 has port OUTPUT[35] driven by constant 0
WARNING: [Synth 8-3917] design MegaCluster2 has port OUTPUT[34] driven by constant 0
WARNING: [Synth 8-3917] design MegaCluster2 has port OUTPUT[33] driven by constant 1
WARNING: [Synth 8-3917] design MegaCluster2 has port OUTPUT[32] driven by constant 1
WARNING: [Synth 8-3917] design MegaCluster2 has port OUTPUT[23] driven by constant 0
WARNING: [Synth 8-3917] design MegaCluster2 has port OUTPUT[22] driven by constant 0
WARNING: [Synth 8-3917] design MegaCluster2 has port OUTPUT[21] driven by constant 1
WARNING: [Synth 8-3917] design MegaCluster2 has port OUTPUT[20] driven by constant 1
WARNING: [Synth 8-3917] design MegaCluster2 has port OUTPUT[19] driven by constant 1
WARNING: [Synth 8-3917] design MegaCluster2 has port OUTPUT[18] driven by constant 1
WARNING: [Synth 8-3917] design MegaCluster2 has port OUTPUT[17] driven by constant 0
WARNING: [Synth 8-3917] design MegaCluster2 has port OUTPUT[16] driven by constant 0
WARNING: [Synth 8-3917] design MegaCluster2 has port OUTPUT[15] driven by constant 0
WARNING: [Synth 8-3917] design MegaCluster2 has port OUTPUT[14] driven by constant 1
WARNING: [Synth 8-3917] design MegaCluster2 has port OUTPUT[13] driven by constant 0
WARNING: [Synth 8-3917] design MegaCluster2 has port OUTPUT[12] driven by constant 1
WARNING: [Synth 8-3917] design MegaCluster2 has port OUTPUT[11] driven by constant 1
WARNING: [Synth 8-3917] design MegaCluster2 has port OUTPUT[10] driven by constant 1
WARNING: [Synth 8-3917] design MegaCluster2 has port OUTPUT[9] driven by constant 1
WARNING: [Synth 8-3917] design MegaCluster2 has port OUTPUT[8] driven by constant 0
WARNING: [Synth 8-3917] design MegaCluster2 has port OUTPUT[7] driven by constant 0
WARNING: [Synth 8-3917] design MegaCluster2 has port OUTPUT[6] driven by constant 1
WARNING: [Synth 8-3917] design MegaCluster2 has port OUTPUT[5] driven by constant 1
WARNING: [Synth 8-3917] design MegaCluster2 has port OUTPUT[4] driven by constant 0
WARNING: [Synth 8-3917] design MegaCluster2 has port OUTPUT[3] driven by constant 0
WARNING: [Synth 8-3917] design MegaCluster2 has port OUTPUT[2] driven by constant 0
WARNING: [Synth 8-3917] design MegaCluster2 has port OUTPUT[1] driven by constant 0
WARNING: [Synth 8-3917] design MegaCluster2 has port OUTPUT[0] driven by constant 1
WARNING: [Synth 8-7129] Port C[2] in module CU is either unconnected or has no load
---------------------------------------------------------------------------------
Finished RTL Elaboration : Time (s): cpu = 00:00:05 ; elapsed = 00:00:06 . Memory (MB): peak = 2741.715 ; gain = 488.840
---------------------------------------------------------------------------------
---------------------------------------------------------------------------------
Start Handling Custom Attributes
---------------------------------------------------------------------------------
---------------------------------------------------------------------------------
Finished Handling Custom Attributes : Time (s): cpu = 00:00:05 ; elapsed = 00:00:06 . Memory (MB): peak = 2741.715 ; gain = 488.840
---------------------------------------------------------------------------------
---------------------------------------------------------------------------------
Finished RTL Optimization Phase 1 : Time (s): cpu = 00:00:05 ; elapsed = 00:00:06 . Memory (MB): peak = 2741.715 ; gain = 488.840
---------------------------------------------------------------------------------
Netlist sorting complete. Time (s): cpu = 00:00:00 ; elapsed = 00:00:00.007 . Memory (MB): peak = 2741.715 ; gain = 0.000
WARNING: [Netlist 29-1115] Found multi-term driver net: <const0>.
WARNING: [Netlist 29-1115] Found multi-term driver net: <const1>.
INFO: [Project 1-570] Preparing netlist for logic optimization

Processing XDC Constraints
Initializing timing engine
Completed Processing XDC Constraints

Netlist sorting complete. Time (s): cpu = 00:00:00 ; elapsed = 00:00:00.001 . Memory (MB): peak = 2810.949 ; gain = 0.000
INFO: [Project 1-111] Unisim Transformation Summary:
No Unisim elements were transformed.

RTL Elaboration Complete:  : Time (s): cpu = 00:00:11 ; elapsed = 00:00:12 . Memory (MB): peak = 2912.574 ; gain = 659.699
13 Infos, 36 Warnings, 0 Critical Warnings and 0 Errors encountered.
synth_design completed successfully
synth_design: Time (s): cpu = 00:00:15 ; elapsed = 00:00:19 . Memory (MB): peak = 2912.574 ; gain = 1176.207
launch_simulation
Command: launch_simulation 
INFO: [Vivado 12-12493] Simulation top is 'Mega_Cluster_tb'
WARNING: [Vivado 12-13340] Unable to auto find GCC executables from simulator install path! (path not set)
WARNING: [Vivado 12-13277] Compiled library path does not exist: ''
INFO: [Vivado 12-5682] Launching behavioral simulation in 'C:/Users/vamsi/OneDrive/Desktop/VHDL/Project2/MegaCluster2/MegaCluster2.sim/sim_1/behav/xsim'
INFO: [SIM-utils-51] Simulation object is 'sim_1'
INFO: [SIM-utils-72] Using boost library from 'D:/Xilinx/Vivado/2022.2/tps/boost_1_72_0'
INFO: [SIM-utils-54] Inspecting design source files for 'Mega_Cluster_tb' in fileset 'sim_1'...
INFO: [USF-XSim-97] Finding global include files...
INFO: [USF-XSim-98] Fetching design files from 'sim_1'...
INFO: [USF-XSim-2] XSim::Compile design
INFO: [USF-XSim-61] Executing 'COMPILE and ANALYZE' step in 'C:/Users/vamsi/OneDrive/Desktop/VHDL/Project2/MegaCluster2/MegaCluster2.sim/sim_1/behav/xsim'
"xvhdl --incr --relax -prj Mega_Cluster_tb_vhdl.prj"
INFO: [USF-XSim-69] 'compile' step finished in '1' seconds
INFO: [USF-XSim-3] XSim::Elaborate design
INFO: [USF-XSim-61] Executing 'ELABORATE' step in 'C:/Users/vamsi/OneDrive/Desktop/VHDL/Project2/MegaCluster2/MegaCluster2.sim/sim_1/behav/xsim'
"xelab --incr --debug typical --relax --mt 2 -L xil_defaultlib -L secureip --snapshot Mega_Cluster_tb_behav xil_defaultlib.Mega_Cluster_tb -log elaborate.log"
Vivado Simulator v2022.2
Copyright 1986-1999, 2001-2022 Xilinx, Inc. All Rights Reserved.
Running: D:/Xilinx/Vivado/2022.2/bin/unwrapped/win64.o/xelab.exe --incr --debug typical --relax --mt 2 -L xil_defaultlib -L secureip --snapshot Mega_Cluster_tb_behav xil_defaultlib.Mega_Cluster_tb -log elaborate.log 
Using 2 slave threads.
Starting static elaboration
Completed static elaboration
INFO: [XSIM 43-4323] No Change in HDL. Linking previously generated obj files to create kernel
INFO: [USF-XSim-69] 'elaborate' step finished in '1' seconds
INFO: [USF-XSim-4] XSim::Simulate design
INFO: [USF-XSim-61] Executing 'SIMULATE' step in 'C:/Users/vamsi/OneDrive/Desktop/VHDL/Project2/MegaCluster2/MegaCluster2.sim/sim_1/behav/xsim'
INFO: [USF-XSim-98] *** Running xsim
   with args "Mega_Cluster_tb_behav -key {Behavioral:sim_1:Functional:Mega_Cluster_tb} -tclbatch {Mega_Cluster_tb.tcl} -log {simulate.log}"
INFO: [USF-XSim-8] Loading simulator feature
Time resolution is 1 ps
source Mega_Cluster_tb.tcl
# set curr_wave [current_wave_config]
# if { [string length $curr_wave] == 0 } {
#   if { [llength [get_objects]] > 0} {
#     add_wave /
#     set_property needs_save false [current_wave_config]
#   } else {
#      send_msg_id Add_Wave-1 WARNING "No top level signals found. Simulator will start without a wave window. If you want to open a wave window go to 'File->New Waveform Configuration' or type 'create_wave_config' in the TCL console."
#   }
# }
# run 1000ns
INFO: [USF-XSim-96] XSim completed. Design snapshot 'Mega_Cluster_tb_behav' loaded.
INFO: [USF-XSim-97] XSim simulation ran for 1000ns
launch_simulation: Time (s): cpu = 00:00:01 ; elapsed = 00:00:06 . Memory (MB): peak = 2964.363 ; gain = 16.219
close_sim
INFO: [Simtcl 6-16] Simulation closed
exit
INFO: [Common 17-206] Exiting Vivado at Sat May  6 16:17:48 2023...
